[F] pc_addr:01000000 content:00ff10b7
[D] pc_addr:00000000 opcode:00 rd:00 rs1:00 rs2:00 funct3:0 funct7:00 imm:00000000 shamt:00
[R] addr_rs1:00 addr_rs2:00 data_rs1:00000000 data_rs2:00000000
[E] pc_addr:00000000 alu_result:00000000 branch_taken:0
[M] pc_addr:00000000 mem_addr:00000000 read_write:0 access_size:0 mem_data_in:00000000
[W] pc_addr:00000000 write_enable:0 write_rd:00 data_rd:00000000
[F] pc_addr:01000004 content:00ff10b7
[D] pc_addr:01000000 opcode:LUI rd:01 rs1:00 rs2:00 funct3:1 funct7:00 imm:00ff1000 shamt:0f
[R] addr_rs1:00 addr_rs2:00 data_rs1:00000000 data_rs2:00000000
[E] pc_addr:00000000 alu_result:00000000 branch_taken:0
[M] pc_addr:00000000 mem_addr:00000000 read_write:0 access_size:0 mem_data_in:00000000
[W] pc_addr:00000000 write_enable:0 write_rd:00 data_rd:00000000
[F] pc_addr:01000008 content:f0008093
[D] pc_addr:01000004 opcode:I rd:01 rs1:01 rs2:00 funct3:0 funct7:78 imm:ffffff00 shamt:00
[R] addr_rs1:01 addr_rs2:00 data_rs1:00000000 data_rs2:00000000
[E] pc_addr:01000000 alu_result:00ff1000 branch_taken:0
[M] pc_addr:00000000 mem_addr:00000000 read_write:0 access_size:0 mem_data_in:00000000
[W] pc_addr:00000000 write_enable:0 write_rd:00 data_rd:00000000
[F] pc_addr:0100000c content:f0f0cf13
[D] pc_addr:01000008 opcode:I rd:1e rs1:01 rs2:00 funct3:4 funct7:78 imm:ffffff0f shamt:0f
[R] addr_rs1:01 addr_rs2:00 data_rs1:00000000 data_rs2:00000000
[E] pc_addr:01000004 alu_result:00ff0f00 branch_taken:0
[M] pc_addr:01000000 mem_addr:00ff1000 read_write:0 access_size:1 mem_data_in:00000000
[W] pc_addr:00000000 write_enable:0 write_rd:00 data_rd:00000000
[F] pc_addr:01000010 content:ff00feb7
[D] pc_addr:0100000c opcode:LUI rd:1d rs1:00 rs2:00 funct3:7 funct7:7f imm:ff00f000 shamt:10
[R] addr_rs1:00 addr_rs2:00 data_rs1:00000000 data_rs2:00000000
[E] pc_addr:01000008 alu_result:ff00f00f branch_taken:0
[M] pc_addr:01000004 mem_addr:00ff0f00 read_write:0 access_size:0 mem_data_in:00000000
[W] pc_addr:01000000 write_enable:1 write_rd:01 data_rd:00ff1000
[F] pc_addr:01000014 content:00fe8e93
[D] pc_addr:01000010 opcode:I rd:1d rs1:1d rs2:00 funct3:0 funct7:00 imm:0000000f shamt:0f
[R] addr_rs1:1d addr_rs2:00 data_rs1:00000000 data_rs2:00000000
[E] pc_addr:0100000c alu_result:ff00f000 branch_taken:1
[M] pc_addr:01000008 mem_addr:ff00f00f read_write:0 access_size:0 mem_data_in:00000000
[W] pc_addr:01000004 write_enable:1 write_rd:01 data_rd:00ff0f00
[F] pc_addr:01000018 content:00200193
[D] pc_addr:01000014 opcode:I rd:03 rs1:00 rs2:00 funct3:0 funct7:00 imm:00000002 shamt:02
[R] addr_rs1:00 addr_rs2:00 data_rs1:00000000 data_rs2:00000000
[E] pc_addr:01000010 alu_result:ff00f00f branch_taken:0
[M] pc_addr:0100000c mem_addr:ff00f000 read_write:0 access_size:3 mem_data_in:00000000
[W] pc_addr:01000008 write_enable:1 write_rd:1e data_rd:ff00f00f
[F] pc_addr:0100001c content:1ddf1663
[D] pc_addr:01000018 opcode:B rd:00 rs1:1e rs2:1d funct3:1 funct7:0e imm:000001cc shamt:1d
[R] addr_rs1:1e addr_rs2:1d data_rs1:00000000 data_rs2:00000000
[E] pc_addr:01000014 alu_result:00000002 branch_taken:0
[M] pc_addr:01000010 mem_addr:ff00f00f read_write:0 access_size:0 mem_data_in:00000000
[W] pc_addr:0100000c write_enable:1 write_rd:1d data_rd:ff00f000
[F] pc_addr:01000020 content:0ff010b7
[D] pc_addr:0100001c opcode:LUI rd:01 rs1:00 rs2:00 funct3:1 funct7:07 imm:0ff01000 shamt:1f
[R] addr_rs1:00 addr_rs2:00 data_rs1:ff00f00f data_rs2:00000000
[E] pc_addr:01000018 alu_result:010001e4 branch_taken:0
[M] pc_addr:01000014 mem_addr:00000002 read_write:0 access_size:0 mem_data_in:00000000
[W] pc_addr:01000010 write_enable:1 write_rd:1d data_rd:ff00f00f
[F] pc_addr:01000024 content:ff008093
[D] pc_addr:01000020 opcode:I rd:01 rs1:01 rs2:00 funct3:0 funct7:7f imm:fffffff0 shamt:10
[R] addr_rs1:01 addr_rs2:00 data_rs1:00000000 data_rs2:00000000
[E] pc_addr:0100001c alu_result:0ff01000 branch_taken:0
[M] pc_addr:01000018 mem_addr:010001e4 read_write:0 access_size:1 mem_data_in:ff00f00f
[W] pc_addr:01000014 write_enable:1 write_rd:03 data_rd:00000002
[F] pc_addr:01000028 content:0f00cf13
[D] pc_addr:01000024 opcode:I rd:1e rs1:01 rs2:00 funct3:4 funct7:07 imm:000000f0 shamt:10
[R] addr_rs1:01 addr_rs2:00 data_rs1:00ff0f00 data_rs2:00000000
[E] pc_addr:01000020 alu_result:0ff00ff0 branch_taken:0
[M] pc_addr:0100001c mem_addr:0ff01000 read_write:0 access_size:1 mem_data_in:00000000
[W] pc_addr:01000018 write_enable:0 write_rd:00 data_rd:010001e4
[F] pc_addr:0100002c content:0ff01eb7
[D] pc_addr:01000028 opcode:LUI rd:1d rs1:00 rs2:00 funct3:1 funct7:07 imm:0ff01000 shamt:1f
[R] addr_rs1:00 addr_rs2:00 data_rs1:00ff0f00 data_rs2:00000000
[E] pc_addr:01000024 alu_result:0ff00f00 branch_taken:0
[M] pc_addr:01000020 mem_addr:0ff00ff0 read_write:0 access_size:0 mem_data_in:00000000
[W] pc_addr:0100001c write_enable:1 write_rd:01 data_rd:0ff01000
[F] pc_addr:01000030 content:f00e8e93
[D] pc_addr:0100002c opcode:I rd:1d rs1:1d rs2:00 funct3:0 funct7:78 imm:ffffff00 shamt:00
[R] addr_rs1:1d addr_rs2:00 data_rs1:00000000 data_rs2:00000000
[E] pc_addr:01000028 alu_result:0ff01000 branch_taken:0
[M] pc_addr:01000024 mem_addr:0ff00f00 read_write:0 access_size:0 mem_data_in:00000000
[W] pc_addr:01000020 write_enable:1 write_rd:01 data_rd:0ff00ff0
[F] pc_addr:01000034 content:00300193
[D] pc_addr:01000030 opcode:I rd:03 rs1:00 rs2:00 funct3:0 funct7:00 imm:00000003 shamt:03
[R] addr_rs1:00 addr_rs2:00 data_rs1:ff00f00f data_rs2:00000000
[E] pc_addr:0100002c alu_result:0ff00f00 branch_taken:0
[M] pc_addr:01000028 mem_addr:0ff01000 read_write:0 access_size:1 mem_data_in:00000000
[W] pc_addr:01000024 write_enable:1 write_rd:1e data_rd:0ff00f00
[F] pc_addr:01000038 content:1bdf1863
[D] pc_addr:01000034 opcode:B rd:00 rs1:1e rs2:1d funct3:1 funct7:0d imm:000001b0 shamt:1d
[R] addr_rs1:1e addr_rs2:1d data_rs1:00000000 data_rs2:00000000
[E] pc_addr:01000030 alu_result:00000003 branch_taken:0
[M] pc_addr:0100002c mem_addr:0ff00f00 read_write:0 access_size:0 mem_data_in:00000000
[W] pc_addr:01000028 write_enable:1 write_rd:1d data_rd:0ff01000
[F] pc_addr:0100003c content:00ff10b7
[D] pc_addr:01000038 opcode:LUI rd:01 rs1:00 rs2:00 funct3:1 funct7:00 imm:00ff1000 shamt:0f
[R] addr_rs1:00 addr_rs2:00 data_rs1:0ff00f00 data_rs2:ff00f00f
[E] pc_addr:01000034 alu_result:010001e4 branch_taken:0
[M] pc_addr:01000030 mem_addr:00000003 read_write:0 access_size:0 mem_data_in:00000000
[W] pc_addr:0100002c write_enable:1 write_rd:1d data_rd:0ff00f00
[F] pc_addr:01000040 content:8ff08093
[D] pc_addr:0100003c opcode:I rd:01 rs1:01 rs2:00 funct3:0 funct7:47 imm:fffff8ff shamt:1f
[R] addr_rs1:01 addr_rs2:00 data_rs1:00000000 data_rs2:00000000
[E] pc_addr:01000038 alu_result:00ff1000 branch_taken:0
[M] pc_addr:01000034 mem_addr:010001e4 read_write:0 access_size:1 mem_data_in:0ff00f00
[W] pc_addr:01000030 write_enable:1 write_rd:03 data_rd:00000003
[F] pc_addr:01000044 content:70f0cf13
[D] pc_addr:01000040 opcode:I rd:1e rs1:01 rs2:00 funct3:4 funct7:38 imm:0000070f shamt:0f
[R] addr_rs1:01 addr_rs2:00 data_rs1:0ff00ff0 data_rs2:00000000
[E] pc_addr:0100003c alu_result:00ff08ff branch_taken:0
[M] pc_addr:01000038 mem_addr:00ff1000 read_write:0 access_size:1 mem_data_in:00000000
[W] pc_addr:01000034 write_enable:0 write_rd:00 data_rd:010001e4
[F] pc_addr:01000048 content:00ff1eb7
[D] pc_addr:01000044 opcode:LUI rd:1d rs1:00 rs2:00 funct3:1 funct7:00 imm:00ff1000 shamt:0f
[R] addr_rs1:00 addr_rs2:00 data_rs1:0ff00ff0 data_rs2:00000000
[E] pc_addr:01000040 alu_result:00ff0ff0 branch_taken:0
[M] pc_addr:0100003c mem_addr:00ff08ff read_write:0 access_size:0 mem_data_in:00000000
[W] pc_addr:01000038 write_enable:1 write_rd:01 data_rd:00ff1000
[F] pc_addr:0100004c content:ff0e8e93
[D] pc_addr:01000048 opcode:I rd:1d rs1:1d rs2:00 funct3:0 funct7:7f imm:fffffff0 shamt:10
[R] addr_rs1:1d addr_rs2:00 data_rs1:00000000 data_rs2:00000000
[E] pc_addr:01000044 alu_result:00ff1000 branch_taken:0
[M] pc_addr:01000040 mem_addr:00ff0ff0 read_write:0 access_size:0 mem_data_in:00000000
[W] pc_addr:0100003c write_enable:1 write_rd:01 data_rd:00ff08ff
[F] pc_addr:01000050 content:00400193
[D] pc_addr:0100004c opcode:I rd:03 rs1:00 rs2:00 funct3:0 funct7:00 imm:00000004 shamt:04
[R] addr_rs1:00 addr_rs2:00 data_rs1:0ff00f00 data_rs2:00000000
[E] pc_addr:01000048 alu_result:00ff0ff0 branch_taken:0
[M] pc_addr:01000044 mem_addr:00ff1000 read_write:0 access_size:1 mem_data_in:00000000
[W] pc_addr:01000040 write_enable:1 write_rd:1e data_rd:00ff0ff0
[F] pc_addr:01000054 content:19df1a63
[D] pc_addr:01000050 opcode:B rd:00 rs1:1e rs2:1d funct3:1 funct7:0c imm:00000194 shamt:1d
[R] addr_rs1:1e addr_rs2:1d data_rs1:00000000 data_rs2:00000000
[E] pc_addr:0100004c alu_result:00000004 branch_taken:0
[M] pc_addr:01000048 mem_addr:00ff0ff0 read_write:0 access_size:0 mem_data_in:00000000
[W] pc_addr:01000044 write_enable:1 write_rd:1d data_rd:00ff1000
[F] pc_addr:01000058 content:f00ff0b7
[D] pc_addr:01000054 opcode:LUI rd:01 rs1:00 rs2:00 funct3:7 funct7:78 imm:f00ff000 shamt:00
[R] addr_rs1:00 addr_rs2:00 data_rs1:00ff0ff0 data_rs2:0ff00f00
[E] pc_addr:01000050 alu_result:010001e4 branch_taken:0
[M] pc_addr:0100004c mem_addr:00000004 read_write:0 access_size:0 mem_data_in:00000000
[W] pc_addr:01000048 write_enable:1 write_rd:1d data_rd:00ff0ff0
[F] pc_addr:0100005c content:00f08093
[D] pc_addr:01000058 opcode:I rd:01 rs1:01 rs2:00 funct3:0 funct7:00 imm:0000000f shamt:0f
[R] addr_rs1:01 addr_rs2:00 data_rs1:00000000 data_rs2:00000000
[E] pc_addr:01000054 alu_result:f00ff000 branch_taken:1
[M] pc_addr:01000050 mem_addr:010001e4 read_write:0 access_size:1 mem_data_in:00ff0ff0
[W] pc_addr:0100004c write_enable:1 write_rd:03 data_rd:00000004
[F] pc_addr:01000060 content:0f00cf13
[D] pc_addr:0100005c opcode:I rd:1e rs1:01 rs2:00 funct3:4 funct7:07 imm:000000f0 shamt:10
[R] addr_rs1:01 addr_rs2:00 data_rs1:00ff08ff data_rs2:00000000
[E] pc_addr:01000058 alu_result:f00ff00f branch_taken:0
[M] pc_addr:01000054 mem_addr:f00ff000 read_write:0 access_size:3 mem_data_in:00000000
[W] pc_addr:01000050 write_enable:0 write_rd:00 data_rd:010001e4
[F] pc_addr:01000064 content:f00ffeb7
[D] pc_addr:01000060 opcode:LUI rd:1d rs1:00 rs2:00 funct3:7 funct7:78 imm:f00ff000 shamt:00
[R] addr_rs1:00 addr_rs2:00 data_rs1:00ff08ff data_rs2:00000000
[E] pc_addr:0100005c alu_result:f00ff0ff branch_taken:1
[M] pc_addr:01000058 mem_addr:f00ff00f read_write:0 access_size:0 mem_data_in:00000000
[W] pc_addr:01000054 write_enable:1 write_rd:01 data_rd:f00ff000
[F] pc_addr:01000068 content:0ffe8e93
[D] pc_addr:01000064 opcode:I rd:1d rs1:1d rs2:00 funct3:0 funct7:07 imm:000000ff shamt:1f
[R] addr_rs1:1d addr_rs2:00 data_rs1:00000000 data_rs2:00000000
[E] pc_addr:01000060 alu_result:f00ff000 branch_taken:1
[M] pc_addr:0100005c mem_addr:f00ff0ff read_write:0 access_size:0 mem_data_in:00000000
[W] pc_addr:01000058 write_enable:1 write_rd:01 data_rd:f00ff00f
[F] pc_addr:0100006c content:00500193
[D] pc_addr:01000068 opcode:I rd:03 rs1:00 rs2:00 funct3:0 funct7:00 imm:00000005 shamt:05
[R] addr_rs1:00 addr_rs2:00 data_rs1:00ff0ff0 data_rs2:00000000
[E] pc_addr:01000064 alu_result:f00ff0ff branch_taken:0
[M] pc_addr:01000060 mem_addr:f00ff000 read_write:0 access_size:3 mem_data_in:00000000
[W] pc_addr:0100005c write_enable:1 write_rd:1e data_rd:f00ff0ff
[F] pc_addr:01000070 content:17df1c63
[D] pc_addr:0100006c opcode:B rd:00 rs1:1e rs2:1d funct3:1 funct7:0b imm:00000178 shamt:1d
[R] addr_rs1:1e addr_rs2:1d data_rs1:00000000 data_rs2:00000000
[E] pc_addr:01000068 alu_result:00000005 branch_taken:0
[M] pc_addr:01000064 mem_addr:f00ff0ff read_write:0 access_size:0 mem_data_in:00000000
[W] pc_addr:01000060 write_enable:1 write_rd:1d data_rd:f00ff000
[F] pc_addr:01000074 content:ff00f0b7
[D] pc_addr:01000070 opcode:LUI rd:01 rs1:00 rs2:00 funct3:7 funct7:7f imm:ff00f000 shamt:10
[R] addr_rs1:00 addr_rs2:00 data_rs1:f00ff0ff data_rs2:00ff0ff0
[E] pc_addr:0100006c alu_result:010001e4 branch_taken:0
[M] pc_addr:01000068 mem_addr:00000005 read_write:0 access_size:0 mem_data_in:00000000
[W] pc_addr:01000064 write_enable:1 write_rd:1d data_rd:f00ff0ff
[F] pc_addr:01000078 content:70008093
[D] pc_addr:01000074 opcode:I rd:01 rs1:01 rs2:00 funct3:0 funct7:38 imm:00000700 shamt:00
[R] addr_rs1:01 addr_rs2:00 data_rs1:00000000 data_rs2:00000000
[E] pc_addr:01000070 alu_result:ff00f000 branch_taken:1
[M] pc_addr:0100006c mem_addr:010001e4 read_write:0 access_size:1 mem_data_in:f00ff0ff
[W] pc_addr:01000068 write_enable:1 write_rd:03 data_rd:00000005
[F] pc_addr:0100007c content:70f0c093
[D] pc_addr:01000078 opcode:I rd:01 rs1:01 rs2:00 funct3:4 funct7:38 imm:0000070f shamt:0f
[R] addr_rs1:01 addr_rs2:00 data_rs1:f00ff00f data_rs2:00000000
[E] pc_addr:01000074 alu_result:ff00f700 branch_taken:0
[M] pc_addr:01000070 mem_addr:ff00f000 read_write:0 access_size:3 mem_data_in:00000000
[W] pc_addr:0100006c write_enable:0 write_rd:00 data_rd:010001e4
[F] pc_addr:01000080 content:ff00feb7
[D] pc_addr:0100007c opcode:LUI rd:1d rs1:00 rs2:00 funct3:7 funct7:7f imm:ff00f000 shamt:10
[R] addr_rs1:00 addr_rs2:00 data_rs1:f00ff00f data_rs2:00000000
[E] pc_addr:01000078 alu_result:ff00f00f branch_taken:1
[M] pc_addr:01000074 mem_addr:ff00f700 read_write:0 access_size:0 mem_data_in:00000000
[W] pc_addr:01000070 write_enable:1 write_rd:01 data_rd:ff00f000
[F] pc_addr:01000084 content:00fe8e93
[D] pc_addr:01000080 opcode:I rd:1d rs1:1d rs2:00 funct3:0 funct7:00 imm:0000000f shamt:0f
[R] addr_rs1:1d addr_rs2:00 data_rs1:00000000 data_rs2:00000000
[E] pc_addr:0100007c alu_result:ff00f000 branch_taken:1
[M] pc_addr:01000078 mem_addr:ff00f00f read_write:0 access_size:0 mem_data_in:00000000
[W] pc_addr:01000074 write_enable:1 write_rd:01 data_rd:ff00f700
[F] pc_addr:01000088 content:00600193
[D] pc_addr:01000084 opcode:I rd:03 rs1:00 rs2:00 funct3:0 funct7:00 imm:00000006 shamt:06
[R] addr_rs1:00 addr_rs2:00 data_rs1:f00ff0ff data_rs2:00000000
[E] pc_addr:01000080 alu_result:ff00f00f branch_taken:0
[M] pc_addr:0100007c mem_addr:ff00f000 read_write:0 access_size:3 mem_data_in:00000000
[W] pc_addr:01000078 write_enable:1 write_rd:01 data_rd:ff00f00f
[F] pc_addr:0100008c content:15d09e63
[D] pc_addr:01000088 opcode:B rd:00 rs1:01 rs2:1d funct3:1 funct7:0a imm:0000015c shamt:1d
[R] addr_rs1:01 addr_rs2:1d data_rs1:00000000 data_rs2:00000000
[E] pc_addr:01000084 alu_result:00000006 branch_taken:0
[M] pc_addr:01000080 mem_addr:ff00f00f read_write:0 access_size:0 mem_data_in:00000000
[W] pc_addr:0100007c write_enable:1 write_rd:1d data_rd:ff00f000
[F] pc_addr:01000090 content:00000213
[D] pc_addr:0100008c opcode:I rd:04 rs1:00 rs2:00 funct3:0 funct7:00 imm:00000000 shamt:00
[R] addr_rs1:00 addr_rs2:00 data_rs1:ff00f00f data_rs2:f00ff0ff
[E] pc_addr:01000088 alu_result:010001e4 branch_taken:0
[M] pc_addr:01000084 mem_addr:00000006 read_write:0 access_size:0 mem_data_in:00000000
[W] pc_addr:01000080 write_enable:1 write_rd:1d data_rd:ff00f00f
[F] pc_addr:01000094 content:0ff010b7
[D] pc_addr:01000090 opcode:LUI rd:01 rs1:00 rs2:00 funct3:1 funct7:07 imm:0ff01000 shamt:1f
[R] addr_rs1:00 addr_rs2:00 data_rs1:00000000 data_rs2:00000000
[E] pc_addr:0100008c alu_result:00000000 branch_taken:0
[M] pc_addr:01000088 mem_addr:010001e4 read_write:0 access_size:1 mem_data_in:ff00f00f
[W] pc_addr:01000084 write_enable:1 write_rd:03 data_rd:00000006
[F] pc_addr:01000098 content:ff008093
[D] pc_addr:01000094 opcode:I rd:01 rs1:01 rs2:00 funct3:0 funct7:7f imm:fffffff0 shamt:10
[R] addr_rs1:01 addr_rs2:00 data_rs1:00000000 data_rs2:00000000
[E] pc_addr:01000090 alu_result:0ff01000 branch_taken:0
[M] pc_addr:0100008c mem_addr:00000000 read_write:0 access_size:0 mem_data_in:00000000
[W] pc_addr:01000088 write_enable:0 write_rd:00 data_rd:010001e4
[F] pc_addr:0100009c content:0f00cf13
[D] pc_addr:01000098 opcode:I rd:1e rs1:01 rs2:00 funct3:4 funct7:07 imm:000000f0 shamt:10
[R] addr_rs1:01 addr_rs2:00 data_rs1:ff00f00f data_rs2:00000000
[E] pc_addr:01000094 alu_result:0ff00ff0 branch_taken:0
[M] pc_addr:01000090 mem_addr:0ff01000 read_write:0 access_size:1 mem_data_in:00000000
[W] pc_addr:0100008c write_enable:1 write_rd:04 data_rd:00000000
[F] pc_addr:010000a0 content:000f0313
[D] pc_addr:0100009c opcode:I rd:06 rs1:1e rs2:00 funct3:0 funct7:00 imm:00000000 shamt:00
[R] addr_rs1:1e addr_rs2:00 data_rs1:ff00f00f data_rs2:00000000
[E] pc_addr:01000098 alu_result:0ff00f00 branch_taken:0
[M] pc_addr:01000094 mem_addr:0ff00ff0 read_write:0 access_size:0 mem_data_in:00000000
[W] pc_addr:01000090 write_enable:1 write_rd:01 data_rd:0ff01000
[F] pc_addr:010000a4 content:00120213
[D] pc_addr:010000a0 opcode:I rd:04 rs1:04 rs2:00 funct3:0 funct7:00 imm:00000001 shamt:01
[R] addr_rs1:04 addr_rs2:00 data_rs1:f00ff0ff data_rs2:00000000
[E] pc_addr:0100009c alu_result:0ff00f00 branch_taken:0
[M] pc_addr:01000098 mem_addr:0ff00f00 read_write:0 access_size:0 mem_data_in:00000000
[W] pc_addr:01000094 write_enable:1 write_rd:01 data_rd:0ff00ff0
[F] pc_addr:010000a8 content:00200293
[D] pc_addr:010000a4 opcode:I rd:05 rs1:00 rs2:00 funct3:0 funct7:00 imm:00000002 shamt:02
[R] addr_rs1:00 addr_rs2:00 data_rs1:00000000 data_rs2:00000000
[E] pc_addr:010000a0 alu_result:00000001 branch_taken:0
[M] pc_addr:0100009c mem_addr:0ff00f00 read_write:0 access_size:0 mem_data_in:00000000
[W] pc_addr:01000098 write_enable:1 write_rd:1e data_rd:0ff00f00
[F] pc_addr:010000ac content:fe5214e3
[D] pc_addr:010000a8 opcode:B rd:00 rs1:04 rs2:05 funct3:1 funct7:7f imm:ffffffe8 shamt:05
[R] addr_rs1:04 addr_rs2:05 data_rs1:00000000 data_rs2:00000000
[E] pc_addr:010000a4 alu_result:00000002 branch_taken:0
[M] pc_addr:010000a0 mem_addr:00000001 read_write:0 access_size:0 mem_data_in:00000000
[W] pc_addr:0100009c write_enable:1 write_rd:06 data_rd:0ff00f00
[F] pc_addr:010000b0 content:0ff01eb7
[D] pc_addr:010000ac opcode:LUI rd:1d rs1:00 rs2:00 funct3:1 funct7:07 imm:0ff01000 shamt:1f
[R] addr_rs1:00 addr_rs2:00 data_rs1:00000000 data_rs2:00000000
[E] pc_addr:010000a8 alu_result:01000090 branch_taken:1
[M] pc_addr:010000a4 mem_addr:00000002 read_write:0 access_size:0 mem_data_in:00000000
[W] pc_addr:010000a0 write_enable:1 write_rd:04 data_rd:00000001
[F] pc_addr:01000090 content:f00e8e93
[D] pc_addr:00000000 opcode:I rd:00 rs1:00 rs2:00 funct3:0 funct7:00 imm:00000000 shamt:00
[R] addr_rs1:00 addr_rs2:00 data_rs1:00000000 data_rs2:00000000
[E] pc_addr:010000ac alu_result:00000000 branch_taken:0
[M] pc_addr:010000a8 mem_addr:01000090 read_write:0 access_size:1 mem_data_in:00000002
[W] pc_addr:010000a4 write_enable:1 write_rd:05 data_rd:00000002
[F] pc_addr:01000094 content:0ff010b7
[D] pc_addr:01000090 opcode:LUI rd:01 rs1:00 rs2:00 funct3:1 funct7:07 imm:0ff01000 shamt:1f
[R] addr_rs1:00 addr_rs2:00 data_rs1:00000000 data_rs2:00000000
[E] pc_addr:00000000 alu_result:00000000 branch_taken:0
[M] pc_addr:010000ac mem_addr:00000000 read_write:0 access_size:0 mem_data_in:00000000
[W] pc_addr:010000a8 write_enable:0 write_rd:00 data_rd:01000090
[F] pc_addr:01000098 content:ff008093
[D] pc_addr:01000094 opcode:I rd:01 rs1:01 rs2:00 funct3:0 funct7:7f imm:fffffff0 shamt:10
[R] addr_rs1:01 addr_rs2:00 data_rs1:00000000 data_rs2:00000000
[E] pc_addr:01000090 alu_result:0ff01000 branch_taken:0
[M] pc_addr:00000000 mem_addr:00000000 read_write:0 access_size:0 mem_data_in:00000000
[W] pc_addr:010000ac write_enable:1 write_rd:00 data_rd:00000000
[F] pc_addr:0100009c content:0f00cf13
[D] pc_addr:01000098 opcode:I rd:1e rs1:01 rs2:00 funct3:4 funct7:07 imm:000000f0 shamt:10
[R] addr_rs1:01 addr_rs2:00 data_rs1:0ff00ff0 data_rs2:00000000
[E] pc_addr:01000094 alu_result:0ff00ff0 branch_taken:0
[M] pc_addr:01000090 mem_addr:0ff01000 read_write:0 access_size:1 mem_data_in:00000000
[W] pc_addr:00000000 write_enable:1 write_rd:00 data_rd:00000000
[F] pc_addr:010000a0 content:000f0313
[D] pc_addr:0100009c opcode:I rd:06 rs1:1e rs2:00 funct3:0 funct7:00 imm:00000000 shamt:00
[R] addr_rs1:1e addr_rs2:00 data_rs1:0ff00ff0 data_rs2:00000000
[E] pc_addr:01000098 alu_result:0ff00f00 branch_taken:0
[M] pc_addr:01000094 mem_addr:0ff00ff0 read_write:0 access_size:0 mem_data_in:00000000
[W] pc_addr:01000090 write_enable:1 write_rd:01 data_rd:0ff01000
[F] pc_addr:010000a4 content:00120213
[D] pc_addr:010000a0 opcode:I rd:04 rs1:04 rs2:00 funct3:0 funct7:00 imm:00000001 shamt:01
[R] addr_rs1:04 addr_rs2:00 data_rs1:0ff00f00 data_rs2:00000000
[E] pc_addr:0100009c alu_result:0ff00f00 branch_taken:0
[M] pc_addr:01000098 mem_addr:0ff00f00 read_write:0 access_size:0 mem_data_in:00000000
[W] pc_addr:01000094 write_enable:1 write_rd:01 data_rd:0ff00ff0
[F] pc_addr:010000a8 content:00200293
[D] pc_addr:010000a4 opcode:I rd:05 rs1:00 rs2:00 funct3:0 funct7:00 imm:00000002 shamt:02
[R] addr_rs1:00 addr_rs2:00 data_rs1:00000001 data_rs2:00000000
[E] pc_addr:010000a0 alu_result:00000002 branch_taken:0
[M] pc_addr:0100009c mem_addr:0ff00f00 read_write:0 access_size:0 mem_data_in:00000000
[W] pc_addr:01000098 write_enable:1 write_rd:1e data_rd:0ff00f00
[F] pc_addr:010000ac content:fe5214e3
[D] pc_addr:010000a8 opcode:B rd:00 rs1:04 rs2:05 funct3:1 funct7:7f imm:ffffffe8 shamt:05
[R] addr_rs1:04 addr_rs2:05 data_rs1:00000000 data_rs2:00000000
[E] pc_addr:010000a4 alu_result:00000002 branch_taken:0
[M] pc_addr:010000a0 mem_addr:00000002 read_write:0 access_size:0 mem_data_in:00000000
[W] pc_addr:0100009c write_enable:1 write_rd:06 data_rd:0ff00f00
[F] pc_addr:010000b0 content:0ff01eb7
[D] pc_addr:010000ac opcode:LUI rd:1d rs1:00 rs2:00 funct3:1 funct7:07 imm:0ff01000 shamt:1f
[R] addr_rs1:00 addr_rs2:00 data_rs1:00000001 data_rs2:00000002
[E] pc_addr:010000a8 alu_result:01000090 branch_taken:0
[M] pc_addr:010000a4 mem_addr:00000002 read_write:0 access_size:0 mem_data_in:00000000
[W] pc_addr:010000a0 write_enable:1 write_rd:04 data_rd:00000002
[F] pc_addr:010000b4 content:f00e8e93
[D] pc_addr:010000b0 opcode:I rd:1d rs1:1d rs2:00 funct3:0 funct7:78 imm:ffffff00 shamt:00
[R] addr_rs1:1d addr_rs2:00 data_rs1:00000000 data_rs2:00000000
[E] pc_addr:010000ac alu_result:0ff01000 branch_taken:0
[M] pc_addr:010000a8 mem_addr:01000090 read_write:0 access_size:1 mem_data_in:00000002
[W] pc_addr:010000a4 write_enable:1 write_rd:05 data_rd:00000002
[F] pc_addr:010000b8 content:00700193
[D] pc_addr:010000b4 opcode:I rd:03 rs1:00 rs2:00 funct3:0 funct7:00 imm:00000007 shamt:07
[R] addr_rs1:00 addr_rs2:00 data_rs1:ff00f00f data_rs2:00000000
[E] pc_addr:010000b0 alu_result:0ff00f00 branch_taken:0
[M] pc_addr:010000ac mem_addr:0ff01000 read_write:0 access_size:1 mem_data_in:00000000
[W] pc_addr:010000a8 write_enable:0 write_rd:00 data_rd:01000090
[F] pc_addr:010000bc content:13d31663
[D] pc_addr:010000b8 opcode:B rd:00 rs1:06 rs2:1d funct3:1 funct7:09 imm:0000012c shamt:1d
[R] addr_rs1:06 addr_rs2:1d data_rs1:00000000 data_rs2:00000000
[E] pc_addr:010000b4 alu_result:00000007 branch_taken:0
[M] pc_addr:010000b0 mem_addr:0ff00f00 read_write:0 access_size:0 mem_data_in:00000000
[W] pc_addr:010000ac write_enable:1 write_rd:1d data_rd:0ff01000
[F] pc_addr:010000c0 content:00000213
[D] pc_addr:010000bc opcode:I rd:04 rs1:00 rs2:00 funct3:0 funct7:00 imm:00000000 shamt:00
[R] addr_rs1:00 addr_rs2:00 data_rs1:0ff00f00 data_rs2:ff00f00f
[E] pc_addr:010000b8 alu_result:010001e4 branch_taken:0
[M] pc_addr:010000b4 mem_addr:00000007 read_write:0 access_size:0 mem_data_in:00000000
[W] pc_addr:010000b0 write_enable:1 write_rd:1d data_rd:0ff00f00
[F] pc_addr:010000c4 content:00ff10b7
[D] pc_addr:010000c0 opcode:LUI rd:01 rs1:00 rs2:00 funct3:1 funct7:00 imm:00ff1000 shamt:0f
[R] addr_rs1:00 addr_rs2:00 data_rs1:00000000 data_rs2:00000000
[E] pc_addr:010000bc alu_result:00000000 branch_taken:0
[M] pc_addr:010000b8 mem_addr:010001e4 read_write:0 access_size:1 mem_data_in:0ff00f00
[W] pc_addr:010000b4 write_enable:1 write_rd:03 data_rd:00000007
[F] pc_addr:010000c8 content:8ff08093
[D] pc_addr:010000c4 opcode:I rd:01 rs1:01 rs2:00 funct3:0 funct7:47 imm:fffff8ff shamt:1f
[R] addr_rs1:01 addr_rs2:00 data_rs1:00000000 data_rs2:00000000
[E] pc_addr:010000c0 alu_result:00ff1000 branch_taken:0
[M] pc_addr:010000bc mem_addr:00000000 read_write:0 access_size:0 mem_data_in:00000000
[W] pc_addr:010000b8 write_enable:0 write_rd:00 data_rd:010001e4
[F] pc_addr:010000cc content:70f0cf13
[D] pc_addr:010000c8 opcode:I rd:1e rs1:01 rs2:00 funct3:4 funct7:38 imm:0000070f shamt:0f
[R] addr_rs1:01 addr_rs2:00 data_rs1:0ff00ff0 data_rs2:00000000
[E] pc_addr:010000c4 alu_result:00ff08ff branch_taken:0
[M] pc_addr:010000c0 mem_addr:00ff1000 read_write:0 access_size:1 mem_data_in:00000000
[W] pc_addr:010000bc write_enable:1 write_rd:04 data_rd:00000000
[F] pc_addr:010000d0 content:00000013
[D] pc_addr:010000cc opcode:I rd:00 rs1:00 rs2:00 funct3:0 funct7:00 imm:00000000 shamt:00
[R] addr_rs1:00 addr_rs2:00 data_rs1:0ff00ff0 data_rs2:00000000
[E] pc_addr:010000c8 alu_result:00ff0ff0 branch_taken:0
[M] pc_addr:010000c4 mem_addr:00ff08ff read_write:0 access_size:0 mem_data_in:00000000
[W] pc_addr:010000c0 write_enable:1 write_rd:01 data_rd:00ff1000
[F] pc_addr:010000d4 content:000f0313
[D] pc_addr:010000d0 opcode:I rd:06 rs1:1e rs2:00 funct3:0 funct7:00 imm:00000000 shamt:00
[R] addr_rs1:1e addr_rs2:00 data_rs1:00000000 data_rs2:00000000
[E] pc_addr:010000cc alu_result:00000000 branch_taken:0
[M] pc_addr:010000c8 mem_addr:00ff0ff0 read_write:0 access_size:0 mem_data_in:00000000
[W] pc_addr:010000c4 write_enable:1 write_rd:01 data_rd:00ff08ff
[F] pc_addr:010000d8 content:00120213
[D] pc_addr:010000d4 opcode:I rd:04 rs1:04 rs2:00 funct3:0 funct7:00 imm:00000001 shamt:01
[R] addr_rs1:04 addr_rs2:00 data_rs1:0ff00f00 data_rs2:00000000
[E] pc_addr:010000d0 alu_result:00ff0ff0 branch_taken:0
[M] pc_addr:010000cc mem_addr:00000000 read_write:0 access_size:0 mem_data_in:00000000
[W] pc_addr:010000c8 write_enable:1 write_rd:1e data_rd:00ff0ff0
[F] pc_addr:010000dc content:00200293
[D] pc_addr:010000d8 opcode:I rd:05 rs1:00 rs2:00 funct3:0 funct7:00 imm:00000002 shamt:02
[R] addr_rs1:00 addr_rs2:00 data_rs1:00000000 data_rs2:00000000
[E] pc_addr:010000d4 alu_result:00000001 branch_taken:0
[M] pc_addr:010000d0 mem_addr:00ff0ff0 read_write:0 access_size:0 mem_data_in:00000000
[W] pc_addr:010000cc write_enable:1 write_rd:00 data_rd:00000000
[F] pc_addr:010000e0 content:fe5212e3
[D] pc_addr:010000dc opcode:B rd:00 rs1:04 rs2:05 funct3:1 funct7:7f imm:ffffffe4 shamt:05
[R] addr_rs1:04 addr_rs2:05 data_rs1:00000000 data_rs2:00000000
[E] pc_addr:010000d8 alu_result:00000002 branch_taken:0
[M] pc_addr:010000d4 mem_addr:00000001 read_write:0 access_size:0 mem_data_in:00000000
[W] pc_addr:010000d0 write_enable:1 write_rd:06 data_rd:00ff0ff0
[F] pc_addr:010000e4 content:00ff1eb7
[D] pc_addr:010000e0 opcode:LUI rd:1d rs1:00 rs2:00 funct3:1 funct7:00 imm:00ff1000 shamt:0f
[R] addr_rs1:00 addr_rs2:00 data_rs1:00000000 data_rs2:00000002
[E] pc_addr:010000dc alu_result:010000c0 branch_taken:1
[M] pc_addr:010000d8 mem_addr:00000002 read_write:0 access_size:0 mem_data_in:00000000
[W] pc_addr:010000d4 write_enable:1 write_rd:04 data_rd:00000001
[F] pc_addr:010000c0 content:ff0e8e93
[D] pc_addr:00000000 opcode:I rd:00 rs1:00 rs2:00 funct3:0 funct7:00 imm:00000000 shamt:00
[R] addr_rs1:00 addr_rs2:00 data_rs1:00000000 data_rs2:00000000
[E] pc_addr:010000e0 alu_result:00000000 branch_taken:0
[M] pc_addr:010000dc mem_addr:010000c0 read_write:0 access_size:1 mem_data_in:00000002
[W] pc_addr:010000d8 write_enable:1 write_rd:05 data_rd:00000002
[F] pc_addr:010000c4 content:00ff10b7
[D] pc_addr:010000c0 opcode:LUI rd:01 rs1:00 rs2:00 funct3:1 funct7:00 imm:00ff1000 shamt:0f
[R] addr_rs1:00 addr_rs2:00 data_rs1:00000000 data_rs2:00000000
[E] pc_addr:00000000 alu_result:00000000 branch_taken:0
[M] pc_addr:010000e0 mem_addr:00000000 read_write:0 access_size:0 mem_data_in:00000000
[W] pc_addr:010000dc write_enable:0 write_rd:00 data_rd:010000c0
[F] pc_addr:010000c8 content:8ff08093
[D] pc_addr:010000c4 opcode:I rd:01 rs1:01 rs2:00 funct3:0 funct7:47 imm:fffff8ff shamt:1f
[R] addr_rs1:01 addr_rs2:00 data_rs1:00000000 data_rs2:00000000
[E] pc_addr:010000c0 alu_result:00ff1000 branch_taken:0
[M] pc_addr:00000000 mem_addr:00000000 read_write:0 access_size:0 mem_data_in:00000000
[W] pc_addr:010000e0 write_enable:1 write_rd:00 data_rd:00000000
[F] pc_addr:010000cc content:70f0cf13
[D] pc_addr:010000c8 opcode:I rd:1e rs1:01 rs2:00 funct3:4 funct7:38 imm:0000070f shamt:0f
[R] addr_rs1:01 addr_rs2:00 data_rs1:00ff08ff data_rs2:00000000
[E] pc_addr:010000c4 alu_result:00ff08ff branch_taken:0
[M] pc_addr:010000c0 mem_addr:00ff1000 read_write:0 access_size:1 mem_data_in:00000000
[W] pc_addr:00000000 write_enable:1 write_rd:00 data_rd:00000000
[F] pc_addr:010000d0 content:00000013
[D] pc_addr:010000cc opcode:I rd:00 rs1:00 rs2:00 funct3:0 funct7:00 imm:00000000 shamt:00
[R] addr_rs1:00 addr_rs2:00 data_rs1:00ff08ff data_rs2:00000000
[E] pc_addr:010000c8 alu_result:00ff0ff0 branch_taken:0
[M] pc_addr:010000c4 mem_addr:00ff08ff read_write:0 access_size:0 mem_data_in:00000000
[W] pc_addr:010000c0 write_enable:1 write_rd:01 data_rd:00ff1000
[F] pc_addr:010000d4 content:000f0313
[D] pc_addr:010000d0 opcode:I rd:06 rs1:1e rs2:00 funct3:0 funct7:00 imm:00000000 shamt:00
[R] addr_rs1:1e addr_rs2:00 data_rs1:00000000 data_rs2:00000000
[E] pc_addr:010000cc alu_result:00000000 branch_taken:0
[M] pc_addr:010000c8 mem_addr:00ff0ff0 read_write:0 access_size:0 mem_data_in:00000000
[W] pc_addr:010000c4 write_enable:1 write_rd:01 data_rd:00ff08ff
[F] pc_addr:010000d8 content:00120213
[D] pc_addr:010000d4 opcode:I rd:04 rs1:04 rs2:00 funct3:0 funct7:00 imm:00000001 shamt:01
[R] addr_rs1:04 addr_rs2:00 data_rs1:00ff0ff0 data_rs2:00000000
[E] pc_addr:010000d0 alu_result:00ff0ff0 branch_taken:0
[M] pc_addr:010000cc mem_addr:00000000 read_write:0 access_size:0 mem_data_in:00000000
[W] pc_addr:010000c8 write_enable:1 write_rd:1e data_rd:00ff0ff0
[F] pc_addr:010000dc content:00200293
[D] pc_addr:010000d8 opcode:I rd:05 rs1:00 rs2:00 funct3:0 funct7:00 imm:00000002 shamt:02
[R] addr_rs1:00 addr_rs2:00 data_rs1:00000001 data_rs2:00000000
[E] pc_addr:010000d4 alu_result:00000002 branch_taken:0
[M] pc_addr:010000d0 mem_addr:00ff0ff0 read_write:0 access_size:0 mem_data_in:00000000
[W] pc_addr:010000cc write_enable:1 write_rd:00 data_rd:00000000
[F] pc_addr:010000e0 content:fe5212e3
[D] pc_addr:010000dc opcode:B rd:00 rs1:04 rs2:05 funct3:1 funct7:7f imm:ffffffe4 shamt:05
[R] addr_rs1:04 addr_rs2:05 data_rs1:00000000 data_rs2:00000000
[E] pc_addr:010000d8 alu_result:00000002 branch_taken:0
[M] pc_addr:010000d4 mem_addr:00000002 read_write:0 access_size:0 mem_data_in:00000000
[W] pc_addr:010000d0 write_enable:1 write_rd:06 data_rd:00ff0ff0
[F] pc_addr:010000e4 content:00ff1eb7
[D] pc_addr:010000e0 opcode:LUI rd:1d rs1:00 rs2:00 funct3:1 funct7:00 imm:00ff1000 shamt:0f
[R] addr_rs1:00 addr_rs2:00 data_rs1:00000001 data_rs2:00000002
[E] pc_addr:010000dc alu_result:010000c0 branch_taken:0
[M] pc_addr:010000d8 mem_addr:00000002 read_write:0 access_size:0 mem_data_in:00000000
[W] pc_addr:010000d4 write_enable:1 write_rd:04 data_rd:00000002
[F] pc_addr:010000e8 content:ff0e8e93
[D] pc_addr:010000e4 opcode:I rd:1d rs1:1d rs2:00 funct3:0 funct7:7f imm:fffffff0 shamt:10
[R] addr_rs1:1d addr_rs2:00 data_rs1:00000000 data_rs2:00000000
[E] pc_addr:010000e0 alu_result:00ff1000 branch_taken:0
[M] pc_addr:010000dc mem_addr:010000c0 read_write:0 access_size:1 mem_data_in:00000002
[W] pc_addr:010000d8 write_enable:1 write_rd:05 data_rd:00000002
[F] pc_addr:010000ec content:00800193
[D] pc_addr:010000e8 opcode:I rd:03 rs1:00 rs2:00 funct3:0 funct7:00 imm:00000008 shamt:08
[R] addr_rs1:00 addr_rs2:00 data_rs1:0ff00f00 data_rs2:00000000
[E] pc_addr:010000e4 alu_result:00ff0ff0 branch_taken:0
[M] pc_addr:010000e0 mem_addr:00ff1000 read_write:0 access_size:1 mem_data_in:00000000
[W] pc_addr:010000dc write_enable:0 write_rd:00 data_rd:010000c0
[F] pc_addr:010000f0 content:0fd31c63
[D] pc_addr:010000ec opcode:B rd:00 rs1:06 rs2:1d funct3:1 funct7:07 imm:000000f8 shamt:1d
[R] addr_rs1:06 addr_rs2:1d data_rs1:00000000 data_rs2:00000000
[E] pc_addr:010000e8 alu_result:00000008 branch_taken:0
[M] pc_addr:010000e4 mem_addr:00ff0ff0 read_write:0 access_size:0 mem_data_in:00000000
[W] pc_addr:010000e0 write_enable:1 write_rd:1d data_rd:00ff1000
[F] pc_addr:010000f4 content:00000213
[D] pc_addr:010000f0 opcode:I rd:04 rs1:00 rs2:00 funct3:0 funct7:00 imm:00000000 shamt:00
[R] addr_rs1:00 addr_rs2:00 data_rs1:00ff0ff0 data_rs2:0ff00f00
[E] pc_addr:010000ec alu_result:010001e4 branch_taken:0
[M] pc_addr:010000e8 mem_addr:00000008 read_write:0 access_size:0 mem_data_in:00000000
[W] pc_addr:010000e4 write_enable:1 write_rd:1d data_rd:00ff0ff0
[F] pc_addr:010000f8 content:f00ff0b7
[D] pc_addr:010000f4 opcode:LUI rd:01 rs1:00 rs2:00 funct3:7 funct7:78 imm:f00ff000 shamt:00
[R] addr_rs1:00 addr_rs2:00 data_rs1:00000000 data_rs2:00000000
[E] pc_addr:010000f0 alu_result:00000000 branch_taken:0
[M] pc_addr:010000ec mem_addr:010001e4 read_write:0 access_size:1 mem_data_in:00ff0ff0
[W] pc_addr:010000e8 write_enable:1 write_rd:03 data_rd:00000008
[F] pc_addr:010000fc content:00f08093
[D] pc_addr:010000f8 opcode:I rd:01 rs1:01 rs2:00 funct3:0 funct7:00 imm:0000000f shamt:0f
[R] addr_rs1:01 addr_rs2:00 data_rs1:00000000 data_rs2:00000000
[E] pc_addr:010000f4 alu_result:f00ff000 branch_taken:1
[M] pc_addr:010000f0 mem_addr:00000000 read_write:0 access_size:0 mem_data_in:00000000
[W] pc_addr:010000ec write_enable:0 write_rd:00 data_rd:010001e4
[F] pc_addr:01000100 content:0f00cf13
[D] pc_addr:010000fc opcode:I rd:1e rs1:01 rs2:00 funct3:4 funct7:07 imm:000000f0 shamt:10
[R] addr_rs1:01 addr_rs2:00 data_rs1:00ff08ff data_rs2:00000000
[E] pc_addr:010000f8 alu_result:f00ff00f branch_taken:0
[M] pc_addr:010000f4 mem_addr:f00ff000 read_write:0 access_size:3 mem_data_in:00000000
[W] pc_addr:010000f0 write_enable:1 write_rd:04 data_rd:00000000
[F] pc_addr:01000104 content:00000013
[D] pc_addr:01000100 opcode:I rd:00 rs1:00 rs2:00 funct3:0 funct7:00 imm:00000000 shamt:00
[R] addr_rs1:00 addr_rs2:00 data_rs1:00ff08ff data_rs2:00000000
[E] pc_addr:010000fc alu_result:f00ff0ff branch_taken:1
[M] pc_addr:010000f8 mem_addr:f00ff00f read_write:0 access_size:0 mem_data_in:00000000
[W] pc_addr:010000f4 write_enable:1 write_rd:01 data_rd:f00ff000
[F] pc_addr:01000108 content:00000013
[D] pc_addr:01000104 opcode:I rd:00 rs1:00 rs2:00 funct3:0 funct7:00 imm:00000000 shamt:00
[R] addr_rs1:00 addr_rs2:00 data_rs1:00000000 data_rs2:00000000
[E] pc_addr:01000100 alu_result:00000000 branch_taken:0
[M] pc_addr:010000fc mem_addr:f00ff0ff read_write:0 access_size:0 mem_data_in:00000000
[W] pc_addr:010000f8 write_enable:1 write_rd:01 data_rd:f00ff00f
[F] pc_addr:0100010c content:000f0313
[D] pc_addr:01000108 opcode:I rd:06 rs1:1e rs2:00 funct3:0 funct7:00 imm:00000000 shamt:00
[R] addr_rs1:1e addr_rs2:00 data_rs1:00000000 data_rs2:00000000
[E] pc_addr:01000104 alu_result:00000000 branch_taken:0
[M] pc_addr:01000100 mem_addr:00000000 read_write:0 access_size:0 mem_data_in:00000000
[W] pc_addr:010000fc write_enable:1 write_rd:1e data_rd:f00ff0ff
[F] pc_addr:0100010c content:000f0313
[D] pc_addr:01000108 opcode:I rd:06 rs1:1e rs2:00 funct3:0 funct7:00 imm:00000000 shamt:00
[R] addr_rs1:1e addr_rs2:00 data_rs1:00ff0ff0 data_rs2:00000000
[E] pc_addr:01000108 alu_result:00ff0ff0 branch_taken:0
[M] pc_addr:01000104 mem_addr:00000000 read_write:0 access_size:0 mem_data_in:00000000
[W] pc_addr:01000100 write_enable:1 write_rd:00 data_rd:00000000
[F] pc_addr:01000110 content:00120213
[D] pc_addr:0100010c opcode:I rd:04 rs1:04 rs2:00 funct3:0 funct7:00 imm:00000001 shamt:01
[R] addr_rs1:04 addr_rs2:00 data_rs1:f00ff0ff data_rs2:00000000
[E] pc_addr:01000108 alu_result:f00ff0ff branch_taken:0
[M] pc_addr:01000108 mem_addr:00ff0ff0 read_write:0 access_size:0 mem_data_in:00000000
[W] pc_addr:01000104 write_enable:1 write_rd:00 data_rd:00000000
[F] pc_addr:01000114 content:00200293
[D] pc_addr:01000110 opcode:I rd:05 rs1:00 rs2:00 funct3:0 funct7:00 imm:00000002 shamt:02
[R] addr_rs1:00 addr_rs2:00 data_rs1:00000000 data_rs2:00000000
[E] pc_addr:0100010c alu_result:00000001 branch_taken:0
[M] pc_addr:01000108 mem_addr:f00ff0ff read_write:0 access_size:0 mem_data_in:00000000
[W] pc_addr:01000108 write_enable:1 write_rd:00 data_rd:00ff0ff0
[F] pc_addr:01000118 content:fe5210e3
[D] pc_addr:01000114 opcode:B rd:00 rs1:04 rs2:05 funct3:1 funct7:7f imm:ffffffe0 shamt:05
[R] addr_rs1:04 addr_rs2:05 data_rs1:00000000 data_rs2:00000000
[E] pc_addr:01000110 alu_result:00000002 branch_taken:0
[M] pc_addr:0100010c mem_addr:00000001 read_write:0 access_size:0 mem_data_in:00000000
[W] pc_addr:01000108 write_enable:1 write_rd:06 data_rd:f00ff0ff
[F] pc_addr:0100011c content:f00ffeb7
[D] pc_addr:01000118 opcode:LUI rd:1d rs1:00 rs2:00 funct3:7 funct7:78 imm:f00ff000 shamt:00
[R] addr_rs1:00 addr_rs2:00 data_rs1:00000000 data_rs2:00000002
[E] pc_addr:01000114 alu_result:010000f4 branch_taken:1
[M] pc_addr:01000110 mem_addr:00000002 read_write:0 access_size:0 mem_data_in:00000000
[W] pc_addr:0100010c write_enable:1 write_rd:04 data_rd:00000001
[F] pc_addr:010000f4 content:0ffe8e93
[D] pc_addr:00000000 opcode:I rd:00 rs1:00 rs2:00 funct3:0 funct7:00 imm:00000000 shamt:00
[R] addr_rs1:00 addr_rs2:00 data_rs1:00000000 data_rs2:00000000
[E] pc_addr:01000118 alu_result:00000000 branch_taken:0
[M] pc_addr:01000114 mem_addr:010000f4 read_write:0 access_size:1 mem_data_in:00000002
[W] pc_addr:01000110 write_enable:1 write_rd:05 data_rd:00000002
[F] pc_addr:010000f8 content:f00ff0b7
[D] pc_addr:010000f4 opcode:LUI rd:01 rs1:00 rs2:00 funct3:7 funct7:78 imm:f00ff000 shamt:00
[R] addr_rs1:00 addr_rs2:00 data_rs1:00000000 data_rs2:00000000
[E] pc_addr:00000000 alu_result:00000000 branch_taken:0
[M] pc_addr:01000118 mem_addr:00000000 read_write:0 access_size:0 mem_data_in:00000000
[W] pc_addr:01000114 write_enable:0 write_rd:00 data_rd:010000f4
[F] pc_addr:010000fc content:00f08093
[D] pc_addr:010000f8 opcode:I rd:01 rs1:01 rs2:00 funct3:0 funct7:00 imm:0000000f shamt:0f
[R] addr_rs1:01 addr_rs2:00 data_rs1:00000000 data_rs2:00000000
[E] pc_addr:010000f4 alu_result:f00ff000 branch_taken:1
[M] pc_addr:00000000 mem_addr:00000000 read_write:0 access_size:0 mem_data_in:00000000
[W] pc_addr:01000118 write_enable:1 write_rd:00 data_rd:00000000
[F] pc_addr:01000100 content:0f00cf13
[D] pc_addr:010000fc opcode:I rd:1e rs1:01 rs2:00 funct3:4 funct7:07 imm:000000f0 shamt:10
[R] addr_rs1:01 addr_rs2:00 data_rs1:f00ff00f data_rs2:00000000
[E] pc_addr:010000f8 alu_result:f00ff00f branch_taken:0
[M] pc_addr:010000f4 mem_addr:f00ff000 read_write:0 access_size:3 mem_data_in:00000000
[W] pc_addr:00000000 write_enable:1 write_rd:00 data_rd:00000000
[F] pc_addr:01000104 content:00000013
[D] pc_addr:01000100 opcode:I rd:00 rs1:00 rs2:00 funct3:0 funct7:00 imm:00000000 shamt:00
[R] addr_rs1:00 addr_rs2:00 data_rs1:f00ff00f data_rs2:00000000
[E] pc_addr:010000fc alu_result:f00ff0ff branch_taken:1
[M] pc_addr:010000f8 mem_addr:f00ff00f read_write:0 access_size:0 mem_data_in:00000000
[W] pc_addr:010000f4 write_enable:1 write_rd:01 data_rd:f00ff000
[F] pc_addr:01000108 content:00000013
[D] pc_addr:01000104 opcode:I rd:00 rs1:00 rs2:00 funct3:0 funct7:00 imm:00000000 shamt:00
[R] addr_rs1:00 addr_rs2:00 data_rs1:00000000 data_rs2:00000000
[E] pc_addr:01000100 alu_result:00000000 branch_taken:0
[M] pc_addr:010000fc mem_addr:f00ff0ff read_write:0 access_size:0 mem_data_in:00000000
[W] pc_addr:010000f8 write_enable:1 write_rd:01 data_rd:f00ff00f
[F] pc_addr:0100010c content:000f0313
[D] pc_addr:01000108 opcode:I rd:06 rs1:1e rs2:00 funct3:0 funct7:00 imm:00000000 shamt:00
[R] addr_rs1:1e addr_rs2:00 data_rs1:00000000 data_rs2:00000000
[E] pc_addr:01000104 alu_result:00000000 branch_taken:0
[M] pc_addr:01000100 mem_addr:00000000 read_write:0 access_size:0 mem_data_in:00000000
[W] pc_addr:010000fc write_enable:1 write_rd:1e data_rd:f00ff0ff
[F] pc_addr:0100010c content:000f0313
[D] pc_addr:01000108 opcode:I rd:06 rs1:1e rs2:00 funct3:0 funct7:00 imm:00000000 shamt:00
[R] addr_rs1:1e addr_rs2:00 data_rs1:f00ff0ff data_rs2:00000000
[E] pc_addr:01000108 alu_result:f00ff0ff branch_taken:0
[M] pc_addr:01000104 mem_addr:00000000 read_write:0 access_size:0 mem_data_in:00000000
[W] pc_addr:01000100 write_enable:1 write_rd:00 data_rd:00000000
[F] pc_addr:01000110 content:00120213
[D] pc_addr:0100010c opcode:I rd:04 rs1:04 rs2:00 funct3:0 funct7:00 imm:00000001 shamt:01
[R] addr_rs1:04 addr_rs2:00 data_rs1:f00ff0ff data_rs2:00000000
[E] pc_addr:01000108 alu_result:f00ff0ff branch_taken:0
[M] pc_addr:01000108 mem_addr:f00ff0ff read_write:0 access_size:0 mem_data_in:00000000
[W] pc_addr:01000104 write_enable:1 write_rd:00 data_rd:00000000
[F] pc_addr:01000114 content:00200293
[D] pc_addr:01000110 opcode:I rd:05 rs1:00 rs2:00 funct3:0 funct7:00 imm:00000002 shamt:02
[R] addr_rs1:00 addr_rs2:00 data_rs1:00000001 data_rs2:00000000
[E] pc_addr:0100010c alu_result:00000002 branch_taken:0
[M] pc_addr:01000108 mem_addr:f00ff0ff read_write:0 access_size:0 mem_data_in:00000000
[W] pc_addr:01000108 write_enable:1 write_rd:00 data_rd:f00ff0ff
[F] pc_addr:01000118 content:fe5210e3
[D] pc_addr:01000114 opcode:B rd:00 rs1:04 rs2:05 funct3:1 funct7:7f imm:ffffffe0 shamt:05
[R] addr_rs1:04 addr_rs2:05 data_rs1:00000000 data_rs2:00000000
[E] pc_addr:01000110 alu_result:00000002 branch_taken:0
[M] pc_addr:0100010c mem_addr:00000002 read_write:0 access_size:0 mem_data_in:00000000
[W] pc_addr:01000108 write_enable:1 write_rd:06 data_rd:f00ff0ff
[F] pc_addr:0100011c content:f00ffeb7
[D] pc_addr:01000118 opcode:LUI rd:1d rs1:00 rs2:00 funct3:7 funct7:78 imm:f00ff000 shamt:00
[R] addr_rs1:00 addr_rs2:00 data_rs1:00000001 data_rs2:00000002
[E] pc_addr:01000114 alu_result:010000f4 branch_taken:0
[M] pc_addr:01000110 mem_addr:00000002 read_write:0 access_size:0 mem_data_in:00000000
[W] pc_addr:0100010c write_enable:1 write_rd:04 data_rd:00000002
[F] pc_addr:01000120 content:0ffe8e93
[D] pc_addr:0100011c opcode:I rd:1d rs1:1d rs2:00 funct3:0 funct7:07 imm:000000ff shamt:1f
[R] addr_rs1:1d addr_rs2:00 data_rs1:00000000 data_rs2:00000000
[E] pc_addr:01000118 alu_result:f00ff000 branch_taken:1
[M] pc_addr:01000114 mem_addr:010000f4 read_write:0 access_size:1 mem_data_in:00000002
[W] pc_addr:01000110 write_enable:1 write_rd:05 data_rd:00000002
[F] pc_addr:01000124 content:00900193
[D] pc_addr:01000120 opcode:I rd:03 rs1:00 rs2:00 funct3:0 funct7:00 imm:00000009 shamt:09
[R] addr_rs1:00 addr_rs2:00 data_rs1:00ff0ff0 data_rs2:00000000
[E] pc_addr:0100011c alu_result:f00ff0ff branch_taken:0
[M] pc_addr:01000118 mem_addr:f00ff000 read_write:0 access_size:3 mem_data_in:00000000
[W] pc_addr:01000114 write_enable:0 write_rd:00 data_rd:010000f4
[F] pc_addr:01000128 content:0dd31063
[D] pc_addr:01000124 opcode:B rd:00 rs1:06 rs2:1d funct3:1 funct7:06 imm:000000c0 shamt:1d
[R] addr_rs1:06 addr_rs2:1d data_rs1:00000000 data_rs2:00000000
[E] pc_addr:01000120 alu_result:00000009 branch_taken:0
[M] pc_addr:0100011c mem_addr:f00ff0ff read_write:0 access_size:0 mem_data_in:00000000
[W] pc_addr:01000118 write_enable:1 write_rd:1d data_rd:f00ff000
[F] pc_addr:0100012c content:00000213
[D] pc_addr:01000128 opcode:I rd:04 rs1:00 rs2:00 funct3:0 funct7:00 imm:00000000 shamt:00
[R] addr_rs1:00 addr_rs2:00 data_rs1:f00ff0ff data_rs2:00ff0ff0
[E] pc_addr:01000124 alu_result:010001e4 branch_taken:0
[M] pc_addr:01000120 mem_addr:00000009 read_write:0 access_size:0 mem_data_in:00000000
[W] pc_addr:0100011c write_enable:1 write_rd:1d data_rd:f00ff0ff
[F] pc_addr:01000130 content:0ff010b7
[D] pc_addr:0100012c opcode:LUI rd:01 rs1:00 rs2:00 funct3:1 funct7:07 imm:0ff01000 shamt:1f
[R] addr_rs1:00 addr_rs2:00 data_rs1:00000000 data_rs2:00000000
[E] pc_addr:01000128 alu_result:00000000 branch_taken:0
[M] pc_addr:01000124 mem_addr:010001e4 read_write:0 access_size:1 mem_data_in:f00ff0ff
[W] pc_addr:01000120 write_enable:1 write_rd:03 data_rd:00000009
[F] pc_addr:01000134 content:ff008093
[D] pc_addr:01000130 opcode:I rd:01 rs1:01 rs2:00 funct3:0 funct7:7f imm:fffffff0 shamt:10
[R] addr_rs1:01 addr_rs2:00 data_rs1:00000000 data_rs2:00000000
[E] pc_addr:0100012c alu_result:0ff01000 branch_taken:0
[M] pc_addr:01000128 mem_addr:00000000 read_write:0 access_size:0 mem_data_in:00000000
[W] pc_addr:01000124 write_enable:0 write_rd:00 data_rd:010001e4
[F] pc_addr:01000138 content:0f00cf13
[D] pc_addr:01000134 opcode:I rd:1e rs1:01 rs2:00 funct3:4 funct7:07 imm:000000f0 shamt:10
[R] addr_rs1:01 addr_rs2:00 data_rs1:f00ff00f data_rs2:00000000
[E] pc_addr:01000130 alu_result:0ff00ff0 branch_taken:0
[M] pc_addr:0100012c mem_addr:0ff01000 read_write:0 access_size:1 mem_data_in:00000000
[W] pc_addr:01000128 write_enable:1 write_rd:04 data_rd:00000000
[F] pc_addr:0100013c content:00120213
[D] pc_addr:01000138 opcode:I rd:04 rs1:04 rs2:00 funct3:0 funct7:00 imm:00000001 shamt:01
[R] addr_rs1:04 addr_rs2:00 data_rs1:f00ff00f data_rs2:00000000
[E] pc_addr:01000134 alu_result:0ff00f00 branch_taken:0
[M] pc_addr:01000130 mem_addr:0ff00ff0 read_write:0 access_size:0 mem_data_in:00000000
[W] pc_addr:0100012c write_enable:1 write_rd:01 data_rd:0ff01000
[F] pc_addr:01000140 content:00200293
[D] pc_addr:0100013c opcode:I rd:05 rs1:00 rs2:00 funct3:0 funct7:00 imm:00000002 shamt:02
[R] addr_rs1:00 addr_rs2:00 data_rs1:00000000 data_rs2:00000000
[E] pc_addr:01000138 alu_result:00000001 branch_taken:0
[M] pc_addr:01000134 mem_addr:0ff00f00 read_write:0 access_size:0 mem_data_in:00000000
[W] pc_addr:01000130 write_enable:1 write_rd:01 data_rd:0ff00ff0
[F] pc_addr:01000144 content:fe5216e3
[D] pc_addr:01000140 opcode:B rd:00 rs1:04 rs2:05 funct3:1 funct7:7f imm:ffffffec shamt:05
[R] addr_rs1:04 addr_rs2:05 data_rs1:00000000 data_rs2:00000000
[E] pc_addr:0100013c alu_result:00000002 branch_taken:0
[M] pc_addr:01000138 mem_addr:00000001 read_write:0 access_size:0 mem_data_in:00000000
[W] pc_addr:01000134 write_enable:1 write_rd:1e data_rd:0ff00f00
[F] pc_addr:01000148 content:0ff01eb7
[D] pc_addr:01000144 opcode:LUI rd:1d rs1:00 rs2:00 funct3:1 funct7:07 imm:0ff01000 shamt:1f
[R] addr_rs1:00 addr_rs2:00 data_rs1:00000000 data_rs2:00000002
[E] pc_addr:01000140 alu_result:0100012c branch_taken:1
[M] pc_addr:0100013c mem_addr:00000002 read_write:0 access_size:0 mem_data_in:00000000
[W] pc_addr:01000138 write_enable:1 write_rd:04 data_rd:00000001
[F] pc_addr:0100012c content:f00e8e93
[D] pc_addr:00000000 opcode:I rd:00 rs1:00 rs2:00 funct3:0 funct7:00 imm:00000000 shamt:00
[R] addr_rs1:00 addr_rs2:00 data_rs1:00000000 data_rs2:00000000
[E] pc_addr:01000144 alu_result:00000000 branch_taken:0
[M] pc_addr:01000140 mem_addr:0100012c read_write:0 access_size:1 mem_data_in:00000002
[W] pc_addr:0100013c write_enable:1 write_rd:05 data_rd:00000002
[F] pc_addr:01000130 content:0ff010b7
[D] pc_addr:0100012c opcode:LUI rd:01 rs1:00 rs2:00 funct3:1 funct7:07 imm:0ff01000 shamt:1f
[R] addr_rs1:00 addr_rs2:00 data_rs1:00000000 data_rs2:00000000
[E] pc_addr:00000000 alu_result:00000000 branch_taken:0
[M] pc_addr:01000144 mem_addr:00000000 read_write:0 access_size:0 mem_data_in:00000000
[W] pc_addr:01000140 write_enable:0 write_rd:00 data_rd:0100012c
[F] pc_addr:01000134 content:ff008093
[D] pc_addr:01000130 opcode:I rd:01 rs1:01 rs2:00 funct3:0 funct7:7f imm:fffffff0 shamt:10
[R] addr_rs1:01 addr_rs2:00 data_rs1:00000000 data_rs2:00000000
[E] pc_addr:0100012c alu_result:0ff01000 branch_taken:0
[M] pc_addr:00000000 mem_addr:00000000 read_write:0 access_size:0 mem_data_in:00000000
[W] pc_addr:01000144 write_enable:1 write_rd:00 data_rd:00000000
[F] pc_addr:01000138 content:0f00cf13
[D] pc_addr:01000134 opcode:I rd:1e rs1:01 rs2:00 funct3:4 funct7:07 imm:000000f0 shamt:10
[R] addr_rs1:01 addr_rs2:00 data_rs1:0ff00ff0 data_rs2:00000000
[E] pc_addr:01000130 alu_result:0ff00ff0 branch_taken:0
[M] pc_addr:0100012c mem_addr:0ff01000 read_write:0 access_size:1 mem_data_in:00000000
[W] pc_addr:00000000 write_enable:1 write_rd:00 data_rd:00000000
[F] pc_addr:0100013c content:00120213
[D] pc_addr:01000138 opcode:I rd:04 rs1:04 rs2:00 funct3:0 funct7:00 imm:00000001 shamt:01
[R] addr_rs1:04 addr_rs2:00 data_rs1:0ff00ff0 data_rs2:00000000
[E] pc_addr:01000134 alu_result:0ff00f00 branch_taken:0
[M] pc_addr:01000130 mem_addr:0ff00ff0 read_write:0 access_size:0 mem_data_in:00000000
[W] pc_addr:0100012c write_enable:1 write_rd:01 data_rd:0ff01000
[F] pc_addr:01000140 content:00200293
[D] pc_addr:0100013c opcode:I rd:05 rs1:00 rs2:00 funct3:0 funct7:00 imm:00000002 shamt:02
[R] addr_rs1:00 addr_rs2:00 data_rs1:00000001 data_rs2:00000000
[E] pc_addr:01000138 alu_result:00000002 branch_taken:0
[M] pc_addr:01000134 mem_addr:0ff00f00 read_write:0 access_size:0 mem_data_in:00000000
[W] pc_addr:01000130 write_enable:1 write_rd:01 data_rd:0ff00ff0
[F] pc_addr:01000144 content:fe5216e3
[D] pc_addr:01000140 opcode:B rd:00 rs1:04 rs2:05 funct3:1 funct7:7f imm:ffffffec shamt:05
[R] addr_rs1:04 addr_rs2:05 data_rs1:00000000 data_rs2:00000000
[E] pc_addr:0100013c alu_result:00000002 branch_taken:0
[M] pc_addr:01000138 mem_addr:00000002 read_write:0 access_size:0 mem_data_in:00000000
[W] pc_addr:01000134 write_enable:1 write_rd:1e data_rd:0ff00f00
[F] pc_addr:01000148 content:0ff01eb7
[D] pc_addr:01000144 opcode:LUI rd:1d rs1:00 rs2:00 funct3:1 funct7:07 imm:0ff01000 shamt:1f
[R] addr_rs1:00 addr_rs2:00 data_rs1:00000001 data_rs2:00000002
[E] pc_addr:01000140 alu_result:0100012c branch_taken:0
[M] pc_addr:0100013c mem_addr:00000002 read_write:0 access_size:0 mem_data_in:00000000
[W] pc_addr:01000138 write_enable:1 write_rd:04 data_rd:00000002
[F] pc_addr:0100014c content:f00e8e93
[D] pc_addr:01000148 opcode:I rd:1d rs1:1d rs2:00 funct3:0 funct7:78 imm:ffffff00 shamt:00
[R] addr_rs1:1d addr_rs2:00 data_rs1:00000000 data_rs2:00000000
[E] pc_addr:01000144 alu_result:0ff01000 branch_taken:0
[M] pc_addr:01000140 mem_addr:0100012c read_write:0 access_size:1 mem_data_in:00000002
[W] pc_addr:0100013c write_enable:1 write_rd:05 data_rd:00000002
[F] pc_addr:01000150 content:00a00193
[D] pc_addr:0100014c opcode:I rd:03 rs1:00 rs2:00 funct3:0 funct7:00 imm:0000000a shamt:0a
[R] addr_rs1:00 addr_rs2:00 data_rs1:f00ff0ff data_rs2:00000000
[E] pc_addr:01000148 alu_result:0ff00f00 branch_taken:0
[M] pc_addr:01000144 mem_addr:0ff01000 read_write:0 access_size:1 mem_data_in:00000000
[W] pc_addr:01000140 write_enable:0 write_rd:00 data_rd:0100012c
[F] pc_addr:01000154 content:09df1a63
[D] pc_addr:01000150 opcode:B rd:00 rs1:1e rs2:1d funct3:1 funct7:04 imm:00000094 shamt:1d
[R] addr_rs1:1e addr_rs2:1d data_rs1:00000000 data_rs2:00000000
[E] pc_addr:0100014c alu_result:0000000a branch_taken:0
[M] pc_addr:01000148 mem_addr:0ff00f00 read_write:0 access_size:0 mem_data_in:00000000
[W] pc_addr:01000144 write_enable:1 write_rd:1d data_rd:0ff01000
[F] pc_addr:01000158 content:00000213
[D] pc_addr:01000154 opcode:I rd:04 rs1:00 rs2:00 funct3:0 funct7:00 imm:00000000 shamt:00
[R] addr_rs1:00 addr_rs2:00 data_rs1:0ff00f00 data_rs2:f00ff0ff
[E] pc_addr:01000150 alu_result:010001e4 branch_taken:0
[M] pc_addr:0100014c mem_addr:0000000a read_write:0 access_size:0 mem_data_in:00000000
[W] pc_addr:01000148 write_enable:1 write_rd:1d data_rd:0ff00f00
[F] pc_addr:0100015c content:00ff10b7
[D] pc_addr:01000158 opcode:LUI rd:01 rs1:00 rs2:00 funct3:1 funct7:00 imm:00ff1000 shamt:0f
[R] addr_rs1:00 addr_rs2:00 data_rs1:00000000 data_rs2:00000000
[E] pc_addr:01000154 alu_result:00000000 branch_taken:0
[M] pc_addr:01000150 mem_addr:010001e4 read_write:0 access_size:1 mem_data_in:0ff00f00
[W] pc_addr:0100014c write_enable:1 write_rd:03 data_rd:0000000a
[F] pc_addr:01000160 content:fff08093
[D] pc_addr:0100015c opcode:I rd:01 rs1:01 rs2:00 funct3:0 funct7:7f imm:ffffffff shamt:1f
[R] addr_rs1:01 addr_rs2:00 data_rs1:00000000 data_rs2:00000000
[E] pc_addr:01000158 alu_result:00ff1000 branch_taken:0
[M] pc_addr:01000154 mem_addr:00000000 read_write:0 access_size:0 mem_data_in:00000000
[W] pc_addr:01000150 write_enable:0 write_rd:00 data_rd:010001e4
[F] pc_addr:01000164 content:00000013
[D] pc_addr:01000160 opcode:I rd:00 rs1:00 rs2:00 funct3:0 funct7:00 imm:00000000 shamt:00
[R] addr_rs1:00 addr_rs2:00 data_rs1:0ff00ff0 data_rs2:00000000
[E] pc_addr:0100015c alu_result:00ff0fff branch_taken:0
[M] pc_addr:01000158 mem_addr:00ff1000 read_write:0 access_size:1 mem_data_in:00000000
[W] pc_addr:01000154 write_enable:1 write_rd:04 data_rd:00000000
[F] pc_addr:01000168 content:00f0cf13
[D] pc_addr:01000164 opcode:I rd:1e rs1:01 rs2:00 funct3:4 funct7:00 imm:0000000f shamt:0f
[R] addr_rs1:01 addr_rs2:00 data_rs1:00000000 data_rs2:00000000
[E] pc_addr:01000160 alu_result:00000000 branch_taken:0
[M] pc_addr:0100015c mem_addr:00ff0fff read_write:0 access_size:0 mem_data_in:00000000
[W] pc_addr:01000158 write_enable:1 write_rd:01 data_rd:00ff1000
[F] pc_addr:0100016c content:00120213
[D] pc_addr:01000168 opcode:I rd:04 rs1:04 rs2:00 funct3:0 funct7:00 imm:00000001 shamt:01
[R] addr_rs1:04 addr_rs2:00 data_rs1:0ff00ff0 data_rs2:00000000
[E] pc_addr:01000164 alu_result:00ff0ff0 branch_taken:0
[M] pc_addr:01000160 mem_addr:00000000 read_write:0 access_size:0 mem_data_in:00000000
[W] pc_addr:0100015c write_enable:1 write_rd:01 data_rd:00ff0fff
[F] pc_addr:01000170 content:00200293
[D] pc_addr:0100016c opcode:I rd:05 rs1:00 rs2:00 funct3:0 funct7:00 imm:00000002 shamt:02
[R] addr_rs1:00 addr_rs2:00 data_rs1:00000000 data_rs2:00000000
[E] pc_addr:01000168 alu_result:00000001 branch_taken:0
[M] pc_addr:01000164 mem_addr:00ff0ff0 read_write:0 access_size:0 mem_data_in:00000000
[W] pc_addr:01000160 write_enable:1 write_rd:00 data_rd:00000000
[F] pc_addr:01000174 content:fe5214e3
[D] pc_addr:01000170 opcode:B rd:00 rs1:04 rs2:05 funct3:1 funct7:7f imm:ffffffe8 shamt:05
[R] addr_rs1:04 addr_rs2:05 data_rs1:00000000 data_rs2:00000000
[E] pc_addr:0100016c alu_result:00000002 branch_taken:0
[M] pc_addr:01000168 mem_addr:00000001 read_write:0 access_size:0 mem_data_in:00000000
[W] pc_addr:01000164 write_enable:1 write_rd:1e data_rd:00ff0ff0
[F] pc_addr:01000178 content:00ff1eb7
[D] pc_addr:01000174 opcode:LUI rd:1d rs1:00 rs2:00 funct3:1 funct7:00 imm:00ff1000 shamt:0f
[R] addr_rs1:00 addr_rs2:00 data_rs1:00000000 data_rs2:00000002
[E] pc_addr:01000170 alu_result:01000158 branch_taken:1
[M] pc_addr:0100016c mem_addr:00000002 read_write:0 access_size:0 mem_data_in:00000000
[W] pc_addr:01000168 write_enable:1 write_rd:04 data_rd:00000001
[F] pc_addr:01000158 content:ff0e8e93
[D] pc_addr:00000000 opcode:I rd:00 rs1:00 rs2:00 funct3:0 funct7:00 imm:00000000 shamt:00
[R] addr_rs1:00 addr_rs2:00 data_rs1:00000000 data_rs2:00000000
[E] pc_addr:01000174 alu_result:00000000 branch_taken:0
[M] pc_addr:01000170 mem_addr:01000158 read_write:0 access_size:1 mem_data_in:00000002
[W] pc_addr:0100016c write_enable:1 write_rd:05 data_rd:00000002
[F] pc_addr:0100015c content:00ff10b7
[D] pc_addr:01000158 opcode:LUI rd:01 rs1:00 rs2:00 funct3:1 funct7:00 imm:00ff1000 shamt:0f
[R] addr_rs1:00 addr_rs2:00 data_rs1:00000000 data_rs2:00000000
[E] pc_addr:00000000 alu_result:00000000 branch_taken:0
[M] pc_addr:01000174 mem_addr:00000000 read_write:0 access_size:0 mem_data_in:00000000
[W] pc_addr:01000170 write_enable:0 write_rd:00 data_rd:01000158
[F] pc_addr:01000160 content:fff08093
[D] pc_addr:0100015c opcode:I rd:01 rs1:01 rs2:00 funct3:0 funct7:7f imm:ffffffff shamt:1f
[R] addr_rs1:01 addr_rs2:00 data_rs1:00000000 data_rs2:00000000
[E] pc_addr:01000158 alu_result:00ff1000 branch_taken:0
[M] pc_addr:00000000 mem_addr:00000000 read_write:0 access_size:0 mem_data_in:00000000
[W] pc_addr:01000174 write_enable:1 write_rd:00 data_rd:00000000
[F] pc_addr:01000164 content:00000013
[D] pc_addr:01000160 opcode:I rd:00 rs1:00 rs2:00 funct3:0 funct7:00 imm:00000000 shamt:00
[R] addr_rs1:00 addr_rs2:00 data_rs1:00ff0fff data_rs2:00000000
[E] pc_addr:0100015c alu_result:00ff0fff branch_taken:0
[M] pc_addr:01000158 mem_addr:00ff1000 read_write:0 access_size:1 mem_data_in:00000000
[W] pc_addr:00000000 write_enable:1 write_rd:00 data_rd:00000000
[F] pc_addr:01000168 content:00f0cf13
[D] pc_addr:01000164 opcode:I rd:1e rs1:01 rs2:00 funct3:4 funct7:00 imm:0000000f shamt:0f
[R] addr_rs1:01 addr_rs2:00 data_rs1:00000000 data_rs2:00000000
[E] pc_addr:01000160 alu_result:00000000 branch_taken:0
[M] pc_addr:0100015c mem_addr:00ff0fff read_write:0 access_size:0 mem_data_in:00000000
[W] pc_addr:01000158 write_enable:1 write_rd:01 data_rd:00ff1000
[F] pc_addr:0100016c content:00120213
[D] pc_addr:01000168 opcode:I rd:04 rs1:04 rs2:00 funct3:0 funct7:00 imm:00000001 shamt:01
[R] addr_rs1:04 addr_rs2:00 data_rs1:00ff0fff data_rs2:00000000
[E] pc_addr:01000164 alu_result:00ff0ff0 branch_taken:0
[M] pc_addr:01000160 mem_addr:00000000 read_write:0 access_size:0 mem_data_in:00000000
[W] pc_addr:0100015c write_enable:1 write_rd:01 data_rd:00ff0fff
[F] pc_addr:01000170 content:00200293
[D] pc_addr:0100016c opcode:I rd:05 rs1:00 rs2:00 funct3:0 funct7:00 imm:00000002 shamt:02
[R] addr_rs1:00 addr_rs2:00 data_rs1:00000001 data_rs2:00000000
[E] pc_addr:01000168 alu_result:00000002 branch_taken:0
[M] pc_addr:01000164 mem_addr:00ff0ff0 read_write:0 access_size:0 mem_data_in:00000000
[W] pc_addr:01000160 write_enable:1 write_rd:00 data_rd:00000000
[F] pc_addr:01000174 content:fe5214e3
[D] pc_addr:01000170 opcode:B rd:00 rs1:04 rs2:05 funct3:1 funct7:7f imm:ffffffe8 shamt:05
[R] addr_rs1:04 addr_rs2:05 data_rs1:00000000 data_rs2:00000000
[E] pc_addr:0100016c alu_result:00000002 branch_taken:0
[M] pc_addr:01000168 mem_addr:00000002 read_write:0 access_size:0 mem_data_in:00000000
[W] pc_addr:01000164 write_enable:1 write_rd:1e data_rd:00ff0ff0
[F] pc_addr:01000178 content:00ff1eb7
[D] pc_addr:01000174 opcode:LUI rd:1d rs1:00 rs2:00 funct3:1 funct7:00 imm:00ff1000 shamt:0f
[R] addr_rs1:00 addr_rs2:00 data_rs1:00000001 data_rs2:00000002
[E] pc_addr:01000170 alu_result:01000158 branch_taken:0
[M] pc_addr:0100016c mem_addr:00000002 read_write:0 access_size:0 mem_data_in:00000000
[W] pc_addr:01000168 write_enable:1 write_rd:04 data_rd:00000002
[F] pc_addr:0100017c content:ff0e8e93
[D] pc_addr:01000178 opcode:I rd:1d rs1:1d rs2:00 funct3:0 funct7:7f imm:fffffff0 shamt:10
[R] addr_rs1:1d addr_rs2:00 data_rs1:00000000 data_rs2:00000000
[E] pc_addr:01000174 alu_result:00ff1000 branch_taken:0
[M] pc_addr:01000170 mem_addr:01000158 read_write:0 access_size:1 mem_data_in:00000002
[W] pc_addr:0100016c write_enable:1 write_rd:05 data_rd:00000002
[F] pc_addr:01000180 content:00b00193
[D] pc_addr:0100017c opcode:I rd:03 rs1:00 rs2:00 funct3:0 funct7:00 imm:0000000b shamt:0b
[R] addr_rs1:00 addr_rs2:00 data_rs1:0ff00f00 data_rs2:00000000
[E] pc_addr:01000178 alu_result:00ff0ff0 branch_taken:0
[M] pc_addr:01000174 mem_addr:00ff1000 read_write:0 access_size:1 mem_data_in:00000000
[W] pc_addr:01000170 write_enable:0 write_rd:00 data_rd:01000158
[F] pc_addr:01000184 content:07df1263
[D] pc_addr:01000180 opcode:B rd:00 rs1:1e rs2:1d funct3:1 funct7:03 imm:00000064 shamt:1d
[R] addr_rs1:1e addr_rs2:1d data_rs1:00000000 data_rs2:00000000
[E] pc_addr:0100017c alu_result:0000000b branch_taken:0
[M] pc_addr:01000178 mem_addr:00ff0ff0 read_write:0 access_size:0 mem_data_in:00000000
[W] pc_addr:01000174 write_enable:1 write_rd:1d data_rd:00ff1000
[F] pc_addr:01000188 content:00000213
[D] pc_addr:01000184 opcode:I rd:04 rs1:00 rs2:00 funct3:0 funct7:00 imm:00000000 shamt:00
[R] addr_rs1:00 addr_rs2:00 data_rs1:00ff0ff0 data_rs2:0ff00f00
[E] pc_addr:01000180 alu_result:010001e4 branch_taken:0
[M] pc_addr:0100017c mem_addr:0000000b read_write:0 access_size:0 mem_data_in:00000000
[W] pc_addr:01000178 write_enable:1 write_rd:1d data_rd:00ff0ff0
[F] pc_addr:0100018c content:f00ff0b7
[D] pc_addr:01000188 opcode:LUI rd:01 rs1:00 rs2:00 funct3:7 funct7:78 imm:f00ff000 shamt:00
[R] addr_rs1:00 addr_rs2:00 data_rs1:00000000 data_rs2:00000000
[E] pc_addr:01000184 alu_result:00000000 branch_taken:0
[M] pc_addr:01000180 mem_addr:010001e4 read_write:0 access_size:1 mem_data_in:00ff0ff0
[W] pc_addr:0100017c write_enable:1 write_rd:03 data_rd:0000000b
[F] pc_addr:01000190 content:00f08093
[D] pc_addr:0100018c opcode:I rd:01 rs1:01 rs2:00 funct3:0 funct7:00 imm:0000000f shamt:0f
[R] addr_rs1:01 addr_rs2:00 data_rs1:00000000 data_rs2:00000000
[E] pc_addr:01000188 alu_result:f00ff000 branch_taken:1
[M] pc_addr:01000184 mem_addr:00000000 read_write:0 access_size:0 mem_data_in:00000000
[W] pc_addr:01000180 write_enable:0 write_rd:00 data_rd:010001e4
[F] pc_addr:01000194 content:00000013
[D] pc_addr:01000190 opcode:I rd:00 rs1:00 rs2:00 funct3:0 funct7:00 imm:00000000 shamt:00
[R] addr_rs1:00 addr_rs2:00 data_rs1:00ff0fff data_rs2:00000000
[E] pc_addr:0100018c alu_result:f00ff00f branch_taken:0
[M] pc_addr:01000188 mem_addr:f00ff000 read_write:0 access_size:3 mem_data_in:00000000
[W] pc_addr:01000184 write_enable:1 write_rd:04 data_rd:00000000
[F] pc_addr:01000198 content:00000013
[D] pc_addr:01000194 opcode:I rd:00 rs1:00 rs2:00 funct3:0 funct7:00 imm:00000000 shamt:00
[R] addr_rs1:00 addr_rs2:00 data_rs1:00000000 data_rs2:00000000
[E] pc_addr:01000190 alu_result:00000000 branch_taken:0
[M] pc_addr:0100018c mem_addr:f00ff00f read_write:0 access_size:0 mem_data_in:00000000
[W] pc_addr:01000188 write_enable:1 write_rd:01 data_rd:f00ff000
[F] pc_addr:0100019c content:0f00cf13
[D] pc_addr:01000198 opcode:I rd:1e rs1:01 rs2:00 funct3:4 funct7:07 imm:000000f0 shamt:10
[R] addr_rs1:01 addr_rs2:00 data_rs1:00000000 data_rs2:00000000
[E] pc_addr:01000194 alu_result:00000000 branch_taken:0
[M] pc_addr:01000190 mem_addr:00000000 read_write:0 access_size:0 mem_data_in:00000000
[W] pc_addr:0100018c write_enable:1 write_rd:01 data_rd:f00ff00f
[F] pc_addr:0100019c content:0f00cf13
[D] pc_addr:01000198 opcode:I rd:1e rs1:01 rs2:00 funct3:4 funct7:07 imm:000000f0 shamt:10
[R] addr_rs1:01 addr_rs2:00 data_rs1:f00ff000 data_rs2:00000000
[E] pc_addr:01000198 alu_result:f00ff000 branch_taken:0
[M] pc_addr:01000194 mem_addr:00000000 read_write:0 access_size:0 mem_data_in:00000000
[W] pc_addr:01000190 write_enable:1 write_rd:00 data_rd:00000000
[F] pc_addr:010001a0 content:00120213
[D] pc_addr:0100019c opcode:I rd:04 rs1:04 rs2:00 funct3:0 funct7:00 imm:00000001 shamt:01
[R] addr_rs1:04 addr_rs2:00 data_rs1:f00ff00f data_rs2:00000000
[E] pc_addr:01000198 alu_result:f00ff0ff branch_taken:1
[M] pc_addr:01000198 mem_addr:f00ff000 read_write:0 access_size:0 mem_data_in:00000000
[W] pc_addr:01000194 write_enable:1 write_rd:00 data_rd:00000000
[F] pc_addr:010001a4 content:00200293
[D] pc_addr:010001a0 opcode:I rd:05 rs1:00 rs2:00 funct3:0 funct7:00 imm:00000002 shamt:02
[R] addr_rs1:00 addr_rs2:00 data_rs1:00000000 data_rs2:00000000
[E] pc_addr:0100019c alu_result:00000001 branch_taken:0
[M] pc_addr:01000198 mem_addr:f00ff0ff read_write:0 access_size:0 mem_data_in:00000000
[W] pc_addr:01000198 write_enable:1 write_rd:00 data_rd:f00ff000
[F] pc_addr:010001a8 content:fe5212e3
[D] pc_addr:010001a4 opcode:B rd:00 rs1:04 rs2:05 funct3:1 funct7:7f imm:ffffffe4 shamt:05
[R] addr_rs1:04 addr_rs2:05 data_rs1:00000000 data_rs2:00000000
[E] pc_addr:010001a0 alu_result:00000002 branch_taken:0
[M] pc_addr:0100019c mem_addr:00000001 read_write:0 access_size:0 mem_data_in:00000000
[W] pc_addr:01000198 write_enable:1 write_rd:1e data_rd:f00ff0ff
[F] pc_addr:010001ac content:f00ffeb7
[D] pc_addr:010001a8 opcode:LUI rd:1d rs1:00 rs2:00 funct3:7 funct7:78 imm:f00ff000 shamt:00
[R] addr_rs1:00 addr_rs2:00 data_rs1:00000000 data_rs2:00000002
[E] pc_addr:010001a4 alu_result:01000188 branch_taken:1
[M] pc_addr:010001a0 mem_addr:00000002 read_write:0 access_size:0 mem_data_in:00000000
[W] pc_addr:0100019c write_enable:1 write_rd:04 data_rd:00000001
[F] pc_addr:01000188 content:0ffe8e93
[D] pc_addr:00000000 opcode:I rd:00 rs1:00 rs2:00 funct3:0 funct7:00 imm:00000000 shamt:00
[R] addr_rs1:00 addr_rs2:00 data_rs1:00000000 data_rs2:00000000
[E] pc_addr:010001a8 alu_result:00000000 branch_taken:0
[M] pc_addr:010001a4 mem_addr:01000188 read_write:0 access_size:1 mem_data_in:00000002
[W] pc_addr:010001a0 write_enable:1 write_rd:05 data_rd:00000002
[F] pc_addr:0100018c content:f00ff0b7
[D] pc_addr:01000188 opcode:LUI rd:01 rs1:00 rs2:00 funct3:7 funct7:78 imm:f00ff000 shamt:00
[R] addr_rs1:00 addr_rs2:00 data_rs1:00000000 data_rs2:00000000
[E] pc_addr:00000000 alu_result:00000000 branch_taken:0
[M] pc_addr:010001a8 mem_addr:00000000 read_write:0 access_size:0 mem_data_in:00000000
[W] pc_addr:010001a4 write_enable:0 write_rd:00 data_rd:01000188
[F] pc_addr:01000190 content:00f08093
[D] pc_addr:0100018c opcode:I rd:01 rs1:01 rs2:00 funct3:0 funct7:00 imm:0000000f shamt:0f
[R] addr_rs1:01 addr_rs2:00 data_rs1:00000000 data_rs2:00000000
[E] pc_addr:01000188 alu_result:f00ff000 branch_taken:1
[M] pc_addr:00000000 mem_addr:00000000 read_write:0 access_size:0 mem_data_in:00000000
[W] pc_addr:010001a8 write_enable:1 write_rd:00 data_rd:00000000
[F] pc_addr:01000194 content:00000013
[D] pc_addr:01000190 opcode:I rd:00 rs1:00 rs2:00 funct3:0 funct7:00 imm:00000000 shamt:00
[R] addr_rs1:00 addr_rs2:00 data_rs1:f00ff00f data_rs2:00000000
[E] pc_addr:0100018c alu_result:f00ff00f branch_taken:0
[M] pc_addr:01000188 mem_addr:f00ff000 read_write:0 access_size:3 mem_data_in:00000000
[W] pc_addr:00000000 write_enable:1 write_rd:00 data_rd:00000000
[F] pc_addr:01000198 content:00000013
[D] pc_addr:01000194 opcode:I rd:00 rs1:00 rs2:00 funct3:0 funct7:00 imm:00000000 shamt:00
[R] addr_rs1:00 addr_rs2:00 data_rs1:00000000 data_rs2:00000000
[E] pc_addr:01000190 alu_result:00000000 branch_taken:0
[M] pc_addr:0100018c mem_addr:f00ff00f read_write:0 access_size:0 mem_data_in:00000000
[W] pc_addr:01000188 write_enable:1 write_rd:01 data_rd:f00ff000
[F] pc_addr:0100019c content:0f00cf13
[D] pc_addr:01000198 opcode:I rd:1e rs1:01 rs2:00 funct3:4 funct7:07 imm:000000f0 shamt:10
[R] addr_rs1:01 addr_rs2:00 data_rs1:00000000 data_rs2:00000000
[E] pc_addr:01000194 alu_result:00000000 branch_taken:0
[M] pc_addr:01000190 mem_addr:00000000 read_write:0 access_size:0 mem_data_in:00000000
[W] pc_addr:0100018c write_enable:1 write_rd:01 data_rd:f00ff00f
[F] pc_addr:0100019c content:0f00cf13
[D] pc_addr:01000198 opcode:I rd:1e rs1:01 rs2:00 funct3:4 funct7:07 imm:000000f0 shamt:10
[R] addr_rs1:01 addr_rs2:00 data_rs1:f00ff000 data_rs2:00000000
[E] pc_addr:01000198 alu_result:f00ff000 branch_taken:0
[M] pc_addr:01000194 mem_addr:00000000 read_write:0 access_size:0 mem_data_in:00000000
[W] pc_addr:01000190 write_enable:1 write_rd:00 data_rd:00000000
[F] pc_addr:010001a0 content:00120213
[D] pc_addr:0100019c opcode:I rd:04 rs1:04 rs2:00 funct3:0 funct7:00 imm:00000001 shamt:01
[R] addr_rs1:04 addr_rs2:00 data_rs1:f00ff00f data_rs2:00000000
[E] pc_addr:01000198 alu_result:f00ff0ff branch_taken:1
[M] pc_addr:01000198 mem_addr:f00ff000 read_write:0 access_size:0 mem_data_in:00000000
[W] pc_addr:01000194 write_enable:1 write_rd:00 data_rd:00000000
[F] pc_addr:010001a4 content:00200293
[D] pc_addr:010001a0 opcode:I rd:05 rs1:00 rs2:00 funct3:0 funct7:00 imm:00000002 shamt:02
[R] addr_rs1:00 addr_rs2:00 data_rs1:00000001 data_rs2:00000000
[E] pc_addr:0100019c alu_result:00000002 branch_taken:0
[M] pc_addr:01000198 mem_addr:f00ff0ff read_write:0 access_size:0 mem_data_in:00000000
[W] pc_addr:01000198 write_enable:1 write_rd:00 data_rd:f00ff000
[F] pc_addr:010001a8 content:fe5212e3
[D] pc_addr:010001a4 opcode:B rd:00 rs1:04 rs2:05 funct3:1 funct7:7f imm:ffffffe4 shamt:05
[R] addr_rs1:04 addr_rs2:05 data_rs1:00000000 data_rs2:00000000
[E] pc_addr:010001a0 alu_result:00000002 branch_taken:0
[M] pc_addr:0100019c mem_addr:00000002 read_write:0 access_size:0 mem_data_in:00000000
[W] pc_addr:01000198 write_enable:1 write_rd:1e data_rd:f00ff0ff
[F] pc_addr:010001ac content:f00ffeb7
[D] pc_addr:010001a8 opcode:LUI rd:1d rs1:00 rs2:00 funct3:7 funct7:78 imm:f00ff000 shamt:00
[R] addr_rs1:00 addr_rs2:00 data_rs1:00000001 data_rs2:00000002
[E] pc_addr:010001a4 alu_result:01000188 branch_taken:0
[M] pc_addr:010001a0 mem_addr:00000002 read_write:0 access_size:0 mem_data_in:00000000
[W] pc_addr:0100019c write_enable:1 write_rd:04 data_rd:00000002
[F] pc_addr:010001b0 content:0ffe8e93
[D] pc_addr:010001ac opcode:I rd:1d rs1:1d rs2:00 funct3:0 funct7:07 imm:000000ff shamt:1f
[R] addr_rs1:1d addr_rs2:00 data_rs1:00000000 data_rs2:00000000
[E] pc_addr:010001a8 alu_result:f00ff000 branch_taken:1
[M] pc_addr:010001a4 mem_addr:01000188 read_write:0 access_size:1 mem_data_in:00000002
[W] pc_addr:010001a0 write_enable:1 write_rd:05 data_rd:00000002
[F] pc_addr:010001b4 content:00c00193
[D] pc_addr:010001b0 opcode:I rd:03 rs1:00 rs2:00 funct3:0 funct7:00 imm:0000000c shamt:0c
[R] addr_rs1:00 addr_rs2:00 data_rs1:00ff0ff0 data_rs2:00000000
[E] pc_addr:010001ac alu_result:f00ff0ff branch_taken:0
[M] pc_addr:010001a8 mem_addr:f00ff000 read_write:0 access_size:3 mem_data_in:00000000
[W] pc_addr:010001a4 write_enable:0 write_rd:00 data_rd:01000188
[F] pc_addr:010001b8 content:03df1863
[D] pc_addr:010001b4 opcode:B rd:00 rs1:1e rs2:1d funct3:1 funct7:01 imm:00000030 shamt:1d
[R] addr_rs1:1e addr_rs2:1d data_rs1:00000000 data_rs2:00000000
[E] pc_addr:010001b0 alu_result:0000000c branch_taken:0
[M] pc_addr:010001ac mem_addr:f00ff0ff read_write:0 access_size:0 mem_data_in:00000000
[W] pc_addr:010001a8 write_enable:1 write_rd:1d data_rd:f00ff000
[F] pc_addr:010001bc content:0f004093
[D] pc_addr:010001b8 opcode:I rd:01 rs1:00 rs2:00 funct3:4 funct7:07 imm:000000f0 shamt:10
[R] addr_rs1:00 addr_rs2:00 data_rs1:f00ff0ff data_rs2:00ff0ff0
[E] pc_addr:010001b4 alu_result:010001e4 branch_taken:0
[M] pc_addr:010001b0 mem_addr:0000000c read_write:0 access_size:0 mem_data_in:00000000
[W] pc_addr:010001ac write_enable:1 write_rd:1d data_rd:f00ff0ff
[F] pc_addr:010001c0 content:0f000e93
[D] pc_addr:010001bc opcode:I rd:1d rs1:00 rs2:00 funct3:0 funct7:07 imm:000000f0 shamt:10
[R] addr_rs1:00 addr_rs2:00 data_rs1:00000000 data_rs2:00000000
[E] pc_addr:010001b8 alu_result:000000f0 branch_taken:0
[M] pc_addr:010001b4 mem_addr:010001e4 read_write:0 access_size:1 mem_data_in:f00ff0ff
[W] pc_addr:010001b0 write_enable:1 write_rd:03 data_rd:0000000c
[F] pc_addr:010001c4 content:00d00193
[D] pc_addr:010001c0 opcode:I rd:03 rs1:00 rs2:00 funct3:0 funct7:00 imm:0000000d shamt:0d
[R] addr_rs1:00 addr_rs2:00 data_rs1:00000000 data_rs2:00000000
[E] pc_addr:010001bc alu_result:000000f0 branch_taken:0
[M] pc_addr:010001b8 mem_addr:000000f0 read_write:0 access_size:0 mem_data_in:00000000
[W] pc_addr:010001b4 write_enable:0 write_rd:00 data_rd:010001e4
[F] pc_addr:010001c8 content:03d09063
[D] pc_addr:010001c4 opcode:B rd:00 rs1:01 rs2:1d funct3:1 funct7:01 imm:00000020 shamt:1d
[R] addr_rs1:01 addr_rs2:1d data_rs1:00000000 data_rs2:00000000
[E] pc_addr:010001c0 alu_result:0000000d branch_taken:0
[M] pc_addr:010001bc mem_addr:000000f0 read_write:0 access_size:0 mem_data_in:00000000
[W] pc_addr:010001b8 write_enable:1 write_rd:01 data_rd:000000f0
[F] pc_addr:010001c8 content:03d09063
[D] pc_addr:010001c4 opcode:B rd:00 rs1:01 rs2:1d funct3:1 funct7:01 imm:00000020 shamt:1d
[R] addr_rs1:01 addr_rs2:1d data_rs1:f00ff00f data_rs2:f00ff0ff
[E] pc_addr:010001c4 alu_result:f00ff00f branch_taken:0
[M] pc_addr:010001c0 mem_addr:0000000d read_write:0 access_size:0 mem_data_in:00000000
[W] pc_addr:010001bc write_enable:1 write_rd:1d data_rd:000000f0
[F] pc_addr:010001c8 content:03d09063
[D] pc_addr:010001c4 opcode:B rd:00 rs1:01 rs2:1d funct3:1 funct7:01 imm:00000020 shamt:1d
[R] addr_rs1:01 addr_rs2:1d data_rs1:000000f0 data_rs2:f00ff0ff
[E] pc_addr:010001c4 alu_result:000000f0 branch_taken:0
[M] pc_addr:010001c4 mem_addr:f00ff00f read_write:0 access_size:0 mem_data_in:f00ff0ff
[W] pc_addr:010001c0 write_enable:1 write_rd:03 data_rd:0000000d
[F] pc_addr:010001cc content:00ff00b7
[D] pc_addr:010001c8 opcode:LUI rd:01 rs1:00 rs2:00 funct3:0 funct7:00 imm:00ff0000 shamt:0f
[R] addr_rs1:00 addr_rs2:00 data_rs1:000000f0 data_rs2:000000f0
[E] pc_addr:010001c4 alu_result:010001e4 branch_taken:0
[M] pc_addr:010001c4 mem_addr:000000f0 read_write:0 access_size:0 mem_data_in:f00ff0ff
[W] pc_addr:010001c4 write_enable:1 write_rd:00 data_rd:f00ff00f
[F] pc_addr:010001d0 content:0ff08093
[D] pc_addr:010001cc opcode:I rd:01 rs1:01 rs2:00 funct3:0 funct7:07 imm:000000ff shamt:1f
[R] addr_rs1:01 addr_rs2:00 data_rs1:00000000 data_rs2:00000000
[E] pc_addr:010001c8 alu_result:00ff0000 branch_taken:0
[M] pc_addr:010001c4 mem_addr:010001e4 read_write:0 access_size:1 mem_data_in:000000f0
[W] pc_addr:010001c4 write_enable:1 write_rd:00 data_rd:000000f0
[F] pc_addr:010001d4 content:70f0c013
[D] pc_addr:010001d0 opcode:I rd:00 rs1:01 rs2:00 funct3:4 funct7:38 imm:0000070f shamt:0f
[R] addr_rs1:01 addr_rs2:00 data_rs1:000000f0 data_rs2:00000000
[E] pc_addr:010001cc alu_result:00ff00ff branch_taken:0
[M] pc_addr:010001c8 mem_addr:00ff0000 read_write:0 access_size:0 mem_data_in:00000000
[W] pc_addr:010001c4 write_enable:0 write_rd:00 data_rd:010001e4
[F] pc_addr:010001d8 content:00000e93
[D] pc_addr:010001d4 opcode:I rd:1d rs1:00 rs2:00 funct3:0 funct7:00 imm:00000000 shamt:00
[R] addr_rs1:00 addr_rs2:00 data_rs1:000000f0 data_rs2:00000000
[E] pc_addr:010001d0 alu_result:00ff07f0 branch_taken:0
[M] pc_addr:010001cc mem_addr:00ff00ff read_write:0 access_size:0 mem_data_in:00000000
[W] pc_addr:010001c8 write_enable:1 write_rd:01 data_rd:00ff0000
[F] pc_addr:010001dc content:00e00193
[D] pc_addr:010001d8 opcode:I rd:03 rs1:00 rs2:00 funct3:0 funct7:00 imm:0000000e shamt:0e
[R] addr_rs1:00 addr_rs2:00 data_rs1:00000000 data_rs2:00000000
[E] pc_addr:010001d4 alu_result:00000000 branch_taken:0
[M] pc_addr:010001d0 mem_addr:00ff07f0 read_write:0 access_size:0 mem_data_in:00000000
[W] pc_addr:010001cc write_enable:1 write_rd:01 data_rd:00ff00ff
[F] pc_addr:010001e0 content:01d01463
[D] pc_addr:010001dc opcode:B rd:00 rs1:00 rs2:1d funct3:1 funct7:00 imm:00000008 shamt:1d
[R] addr_rs1:00 addr_rs2:1d data_rs1:00000000 data_rs2:00000000
[E] pc_addr:010001d8 alu_result:0000000e branch_taken:0
[M] pc_addr:010001d4 mem_addr:00000000 read_write:0 access_size:0 mem_data_in:00000000
[W] pc_addr:010001d0 write_enable:1 write_rd:00 data_rd:00ff07f0
[F] pc_addr:010001e4 content:00301c63
[D] pc_addr:010001e0 opcode:B rd:00 rs1:00 rs2:03 funct3:1 funct7:00 imm:00000018 shamt:03
[R] addr_rs1:00 addr_rs2:03 data_rs1:00000000 data_rs2:000000f0
[E] pc_addr:010001dc alu_result:010001e4 branch_taken:0
[M] pc_addr:010001d8 mem_addr:0000000e read_write:0 access_size:0 mem_data_in:00000000
[W] pc_addr:010001d4 write_enable:1 write_rd:1d data_rd:00000000
[F] pc_addr:010001e8 content:0ff0000f
[D] pc_addr:010001e4 opcode:0f rd:00 rs1:00 rs2:00 funct3:0 funct7:07 imm:00000000 shamt:1f
[R] addr_rs1:00 addr_rs2:00 data_rs1:00000000 data_rs2:0000000d
[E] pc_addr:010001e0 alu_result:010001f8 branch_taken:1
[M] pc_addr:010001dc mem_addr:010001e4 read_write:0 access_size:1 mem_data_in:00000000
[W] pc_addr:010001d8 write_enable:1 write_rd:03 data_rd:0000000e
[F] pc_addr:010001f8 content:00018063
[D] pc_addr:00000000 opcode:I rd:00 rs1:00 rs2:00 funct3:0 funct7:00 imm:00000000 shamt:00
[R] addr_rs1:00 addr_rs2:00 data_rs1:00000000 data_rs2:00000000
[E] pc_addr:010001e4 alu_result:00000000 branch_taken:0
[M] pc_addr:010001e0 mem_addr:010001f8 read_write:0 access_size:1 mem_data_in:0000000e
[W] pc_addr:010001dc write_enable:0 write_rd:00 data_rd:010001e4
[F] pc_addr:010001fc content:0ff0000f
[D] pc_addr:010001f8 opcode:0f rd:00 rs1:00 rs2:00 funct3:0 funct7:07 imm:00000000 shamt:1f
[R] addr_rs1:00 addr_rs2:00 data_rs1:00000000 data_rs2:00000000
[E] pc_addr:00000000 alu_result:00000000 branch_taken:0
[M] pc_addr:010001e4 mem_addr:00000000 read_write:0 access_size:0 mem_data_in:00000000
[W] pc_addr:010001e0 write_enable:0 write_rd:00 data_rd:010001f8
[F] pc_addr:01000200 content:00100193
[D] pc_addr:010001fc opcode:I rd:03 rs1:00 rs2:00 funct3:0 funct7:00 imm:00000001 shamt:01
[R] addr_rs1:00 addr_rs2:00 data_rs1:00000000 data_rs2:00000000
[E] pc_addr:010001f8 alu_result:00000000 branch_taken:0
[M] pc_addr:00000000 mem_addr:00000000 read_write:0 access_size:0 mem_data_in:00000000
[W] pc_addr:010001e4 write_enable:1 write_rd:00 data_rd:00000000
[F] pc_addr:01000204 content:00000073
[D] pc_addr:01000200 opcode:ECALL rd:00 rs1:00 rs2:00 funct3:0 funct7:00 imm:00000000 shamt:00
[R] addr_rs1:00 addr_rs2:00 data_rs1:00000000 data_rs2:00000000
[E] pc_addr:010001fc alu_result:00000001 branch_taken:0
[M] pc_addr:010001f8 mem_addr:00000000 read_write:0 access_size:0 mem_data_in:00000000
[W] pc_addr:00000000 write_enable:1 write_rd:00 data_rd:00000000
[F] pc_addr:01000208 content:c0001073
[D] pc_addr:01000204 opcode:ECALL rd:00 rs1:00 rs2:00 funct3:1 funct7:60 imm:00000000 shamt:00
[R] addr_rs1:00 addr_rs2:00 data_rs1:00000000 data_rs2:00000000
[E] pc_addr:01000200 alu_result:00000000 branch_taken:0
[M] pc_addr:010001fc mem_addr:00000001 read_write:0 access_size:0 mem_data_in:00000000
[W] pc_addr:010001f8 write_enable:1 write_rd:00 data_rd:00000000
[F] pc_addr:0100020c content:00000000
[D] pc_addr:01000208 opcode:00 rd:00 rs1:00 rs2:00 funct3:0 funct7:00 imm:00000000 shamt:00
[R] addr_rs1:00 addr_rs2:00 data_rs1:00000000 data_rs2:00000000
[E] pc_addr:01000204 alu_result:00000000 branch_taken:0
[M] pc_addr:01000200 mem_addr:00000000 read_write:0 access_size:0 mem_data_in:00000000
[W] pc_addr:010001fc write_enable:1 write_rd:03 data_rd:00000001
[F] pc_addr:01000210 content:00000000
[D] pc_addr:0100020c opcode:00 rd:00 rs1:00 rs2:00 funct3:0 funct7:00 imm:00000000 shamt:00
[R] addr_rs1:00 addr_rs2:00 data_rs1:00000000 data_rs2:00000000
[E] pc_addr:01000208 alu_result:00000000 branch_taken:0
[M] pc_addr:01000204 mem_addr:00000000 read_write:0 access_size:1 mem_data_in:00000000
[W] pc_addr:01000200 write_enable:0 write_rd:00 data_rd:00000000
