[F] pc_addr:01000000 content:000000b7
[D] pc_addr:00000000 opcode:00 rd:00 rs1:00 rs2:00 funct3:0 funct7:00 imm:00000000 shamt:00
[R] addr_rs1:00 addr_rs2:00 data_rs1:00000000 data_rs2:00000000
[E] pc_addr:00000000 alu_result:00000000 branch_taken:0
[M] pc_addr:00000000 mem_addr:00000000 read_write:0 access_size:0 mem_data_in:00000000
[W] pc_addr:00000000 write_enable:0 write_rd:00 data_rd:00000000
[F] pc_addr:01000004 content:000000b7
[D] pc_addr:01000000 opcode:LUI rd:01 rs1:00 rs2:00 funct3:0 funct7:00 imm:00000000 shamt:00
[R] addr_rs1:00 addr_rs2:00 data_rs1:00000000 data_rs2:00000000
[E] pc_addr:00000000 alu_result:00000000 branch_taken:0
[M] pc_addr:00000000 mem_addr:00000000 read_write:0 access_size:0 mem_data_in:00000000
[W] pc_addr:00000000 write_enable:0 write_rd:00 data_rd:00000000
[F] pc_addr:01000008 content:00000e93
[D] pc_addr:01000004 opcode:I rd:1d rs1:00 rs2:00 funct3:0 funct7:00 imm:00000000 shamt:00
[R] addr_rs1:00 addr_rs2:00 data_rs1:00000000 data_rs2:00000000
[E] pc_addr:01000000 alu_result:00000000 branch_taken:0
[M] pc_addr:00000000 mem_addr:00000000 read_write:0 access_size:0 mem_data_in:00000000
[W] pc_addr:00000000 write_enable:0 write_rd:00 data_rd:00000000
[F] pc_addr:0100000c content:00200193
[D] pc_addr:01000008 opcode:I rd:03 rs1:00 rs2:00 funct3:0 funct7:00 imm:00000002 shamt:02
[R] addr_rs1:00 addr_rs2:00 data_rs1:00000000 data_rs2:00000000
[E] pc_addr:01000004 alu_result:00000000 branch_taken:0
[M] pc_addr:01000000 mem_addr:00000000 read_write:0 access_size:0 mem_data_in:00000000
[W] pc_addr:00000000 write_enable:0 write_rd:00 data_rd:00000000
[F] pc_addr:01000010 content:05d09a63
[D] pc_addr:0100000c opcode:B rd:00 rs1:01 rs2:1d funct3:1 funct7:02 imm:00000054 shamt:1d
[R] addr_rs1:01 addr_rs2:1d data_rs1:00000000 data_rs2:00000000
[E] pc_addr:01000008 alu_result:00000002 branch_taken:0
[M] pc_addr:01000004 mem_addr:00000000 read_write:0 access_size:0 mem_data_in:00000000
[W] pc_addr:01000000 write_enable:1 write_rd:01 data_rd:00000000
[F] pc_addr:01000010 content:05d09a63
[D] pc_addr:0100000c opcode:B rd:00 rs1:01 rs2:1d funct3:1 funct7:02 imm:00000054 shamt:1d
[R] addr_rs1:01 addr_rs2:1d data_rs1:00000000 data_rs2:00000000
[E] pc_addr:0100000c alu_result:00000000 branch_taken:0
[M] pc_addr:01000008 mem_addr:00000002 read_write:0 access_size:0 mem_data_in:00000000
[W] pc_addr:01000004 write_enable:1 write_rd:1d data_rd:00000000
[F] pc_addr:01000010 content:05d09a63
[D] pc_addr:0100000c opcode:B rd:00 rs1:01 rs2:1d funct3:1 funct7:02 imm:00000054 shamt:1d
[R] addr_rs1:01 addr_rs2:1d data_rs1:00000000 data_rs2:00000000
[E] pc_addr:0100000c alu_result:00000000 branch_taken:0
[M] pc_addr:0100000c mem_addr:00000000 read_write:0 access_size:0 mem_data_in:00000000
[W] pc_addr:01000008 write_enable:1 write_rd:03 data_rd:00000002
[F] pc_addr:01000014 content:fffff0b7
[D] pc_addr:01000010 opcode:LUI rd:01 rs1:00 rs2:00 funct3:7 funct7:7f imm:fffff000 shamt:1f
[R] addr_rs1:00 addr_rs2:00 data_rs1:00000000 data_rs2:00000000
[E] pc_addr:0100000c alu_result:01000060 branch_taken:0
[M] pc_addr:0100000c mem_addr:00000000 read_write:0 access_size:0 mem_data_in:00000000
[W] pc_addr:0100000c write_enable:1 write_rd:00 data_rd:00000000
[F] pc_addr:01000018 content:4010d093
[D] pc_addr:01000014 opcode:I rd:01 rs1:01 rs2:00 funct3:5 funct7:20 imm:00000001 shamt:01
[R] addr_rs1:01 addr_rs2:00 data_rs1:00000000 data_rs2:00000000
[E] pc_addr:01000010 alu_result:fffff000 branch_taken:1
[M] pc_addr:0100000c mem_addr:01000060 read_write:0 access_size:1 mem_data_in:00000000
[W] pc_addr:0100000c write_enable:1 write_rd:00 data_rd:00000000
[F] pc_addr:0100001c content:80000e93
[D] pc_addr:01000018 opcode:I rd:1d rs1:00 rs2:00 funct3:0 funct7:40 imm:fffff800 shamt:00
[R] addr_rs1:00 addr_rs2:00 data_rs1:00000000 data_rs2:00000000
[E] pc_addr:01000014 alu_result:fffff800 branch_taken:0
[M] pc_addr:01000010 mem_addr:fffff000 read_write:0 access_size:3 mem_data_in:00000000
[W] pc_addr:0100000c write_enable:0 write_rd:00 data_rd:01000060
[F] pc_addr:01000020 content:00300193
[D] pc_addr:0100001c opcode:I rd:03 rs1:00 rs2:00 funct3:0 funct7:00 imm:00000003 shamt:03
[R] addr_rs1:00 addr_rs2:00 data_rs1:00000000 data_rs2:00000000
[E] pc_addr:01000018 alu_result:fffff800 branch_taken:0
[M] pc_addr:01000014 mem_addr:fffff800 read_write:0 access_size:1 mem_data_in:00000000
[W] pc_addr:01000010 write_enable:1 write_rd:01 data_rd:fffff000
[F] pc_addr:01000024 content:05d09063
[D] pc_addr:01000020 opcode:B rd:00 rs1:01 rs2:1d funct3:1 funct7:02 imm:00000040 shamt:1d
[R] addr_rs1:01 addr_rs2:1d data_rs1:00000000 data_rs2:00000000
[E] pc_addr:0100001c alu_result:00000003 branch_taken:0
[M] pc_addr:01000018 mem_addr:fffff800 read_write:0 access_size:0 mem_data_in:00000000
[W] pc_addr:01000014 write_enable:1 write_rd:01 data_rd:fffff800
[F] pc_addr:01000024 content:05d09063
[D] pc_addr:01000020 opcode:B rd:00 rs1:01 rs2:1d funct3:1 funct7:02 imm:00000040 shamt:1d
[R] addr_rs1:01 addr_rs2:1d data_rs1:fffff000 data_rs2:00000000
[E] pc_addr:01000020 alu_result:fffff000 branch_taken:0
[M] pc_addr:0100001c mem_addr:00000003 read_write:0 access_size:0 mem_data_in:00000000
[W] pc_addr:01000018 write_enable:1 write_rd:1d data_rd:fffff800
[F] pc_addr:01000024 content:05d09063
[D] pc_addr:01000020 opcode:B rd:00 rs1:01 rs2:1d funct3:1 funct7:02 imm:00000040 shamt:1d
[R] addr_rs1:01 addr_rs2:1d data_rs1:fffff800 data_rs2:00000000
[E] pc_addr:01000020 alu_result:fffff800 branch_taken:0
[M] pc_addr:01000020 mem_addr:fffff000 read_write:0 access_size:0 mem_data_in:00000000
[W] pc_addr:0100001c write_enable:1 write_rd:03 data_rd:00000003
[F] pc_addr:01000028 content:7ffff0b7
[D] pc_addr:01000024 opcode:LUI rd:01 rs1:00 rs2:00 funct3:7 funct7:3f imm:7ffff000 shamt:1f
[R] addr_rs1:00 addr_rs2:00 data_rs1:fffff800 data_rs2:fffff800
[E] pc_addr:01000020 alu_result:01000060 branch_taken:0
[M] pc_addr:01000020 mem_addr:fffff800 read_write:0 access_size:0 mem_data_in:00000000
[W] pc_addr:01000020 write_enable:1 write_rd:00 data_rd:fffff000
[F] pc_addr:0100002c content:4140d093
[D] pc_addr:01000028 opcode:I rd:01 rs1:01 rs2:00 funct3:5 funct7:20 imm:00000014 shamt:14
[R] addr_rs1:01 addr_rs2:00 data_rs1:00000000 data_rs2:00000000
[E] pc_addr:01000024 alu_result:7ffff000 branch_taken:1
[M] pc_addr:01000020 mem_addr:01000060 read_write:0 access_size:1 mem_data_in:fffff800
[W] pc_addr:01000020 write_enable:1 write_rd:00 data_rd:fffff800
[F] pc_addr:01000030 content:7ff00e93
[D] pc_addr:0100002c opcode:I rd:1d rs1:00 rs2:00 funct3:0 funct7:3f imm:000007ff shamt:1f
[R] addr_rs1:00 addr_rs2:00 data_rs1:fffff800 data_rs2:00000000
[E] pc_addr:01000028 alu_result:000007ff branch_taken:1
[M] pc_addr:01000024 mem_addr:7ffff000 read_write:0 access_size:3 mem_data_in:00000000
[W] pc_addr:01000020 write_enable:0 write_rd:00 data_rd:01000060
[F] pc_addr:01000034 content:00400193
[D] pc_addr:01000030 opcode:I rd:03 rs1:00 rs2:00 funct3:0 funct7:00 imm:00000004 shamt:04
[R] addr_rs1:00 addr_rs2:00 data_rs1:00000000 data_rs2:00000000
[E] pc_addr:0100002c alu_result:000007ff branch_taken:0
[M] pc_addr:01000028 mem_addr:000007ff read_write:0 access_size:1 mem_data_in:00000000
[W] pc_addr:01000024 write_enable:1 write_rd:01 data_rd:7ffff000
[F] pc_addr:01000038 content:03d09663
[D] pc_addr:01000034 opcode:B rd:00 rs1:01 rs2:1d funct3:1 funct7:01 imm:0000002c shamt:1d
[R] addr_rs1:01 addr_rs2:1d data_rs1:00000000 data_rs2:00000000
[E] pc_addr:01000030 alu_result:00000004 branch_taken:0
[M] pc_addr:0100002c mem_addr:000007ff read_write:0 access_size:0 mem_data_in:00000000
[W] pc_addr:01000028 write_enable:1 write_rd:01 data_rd:000007ff
[F] pc_addr:01000038 content:03d09663
[D] pc_addr:01000034 opcode:B rd:00 rs1:01 rs2:1d funct3:1 funct7:01 imm:0000002c shamt:1d
[R] addr_rs1:01 addr_rs2:1d data_rs1:7ffff000 data_rs2:fffff800
[E] pc_addr:01000034 alu_result:7ffff000 branch_taken:0
[M] pc_addr:01000030 mem_addr:00000004 read_write:0 access_size:0 mem_data_in:00000000
[W] pc_addr:0100002c write_enable:1 write_rd:1d data_rd:000007ff
[F] pc_addr:01000038 content:03d09663
[D] pc_addr:01000034 opcode:B rd:00 rs1:01 rs2:1d funct3:1 funct7:01 imm:0000002c shamt:1d
[R] addr_rs1:01 addr_rs2:1d data_rs1:000007ff data_rs2:fffff800
[E] pc_addr:01000034 alu_result:000007ff branch_taken:0
[M] pc_addr:01000034 mem_addr:7ffff000 read_write:0 access_size:0 mem_data_in:fffff800
[W] pc_addr:01000030 write_enable:1 write_rd:03 data_rd:00000004
[F] pc_addr:0100003c content:800000b7
[D] pc_addr:01000038 opcode:LUI rd:01 rs1:00 rs2:00 funct3:0 funct7:40 imm:80000000 shamt:00
[R] addr_rs1:00 addr_rs2:00 data_rs1:000007ff data_rs2:000007ff
[E] pc_addr:01000034 alu_result:01000060 branch_taken:0
[M] pc_addr:01000034 mem_addr:000007ff read_write:0 access_size:0 mem_data_in:fffff800
[W] pc_addr:01000034 write_enable:1 write_rd:00 data_rd:7ffff000
[F] pc_addr:01000040 content:4140d093
[D] pc_addr:0100003c opcode:I rd:01 rs1:01 rs2:00 funct3:5 funct7:20 imm:00000014 shamt:14
[R] addr_rs1:01 addr_rs2:00 data_rs1:00000000 data_rs2:00000000
[E] pc_addr:01000038 alu_result:80000000 branch_taken:0
[M] pc_addr:01000034 mem_addr:01000060 read_write:0 access_size:1 mem_data_in:000007ff
[W] pc_addr:01000034 write_enable:1 write_rd:00 data_rd:000007ff
[F] pc_addr:01000044 content:80000e93
[D] pc_addr:01000040 opcode:I rd:1d rs1:00 rs2:00 funct3:0 funct7:40 imm:fffff800 shamt:00
[R] addr_rs1:00 addr_rs2:00 data_rs1:000007ff data_rs2:00000000
[E] pc_addr:0100003c alu_result:fffff800 branch_taken:0
[M] pc_addr:01000038 mem_addr:80000000 read_write:0 access_size:0 mem_data_in:00000000
[W] pc_addr:01000034 write_enable:0 write_rd:00 data_rd:01000060
[F] pc_addr:01000048 content:00500193
[D] pc_addr:01000044 opcode:I rd:03 rs1:00 rs2:00 funct3:0 funct7:00 imm:00000005 shamt:05
[R] addr_rs1:00 addr_rs2:00 data_rs1:00000000 data_rs2:00000000
[E] pc_addr:01000040 alu_result:fffff800 branch_taken:0
[M] pc_addr:0100003c mem_addr:fffff800 read_write:0 access_size:1 mem_data_in:00000000
[W] pc_addr:01000038 write_enable:1 write_rd:01 data_rd:80000000
[F] pc_addr:0100004c content:01d09c63
[D] pc_addr:01000048 opcode:B rd:00 rs1:01 rs2:1d funct3:1 funct7:00 imm:00000018 shamt:1d
[R] addr_rs1:01 addr_rs2:1d data_rs1:00000000 data_rs2:00000000
[E] pc_addr:01000044 alu_result:00000005 branch_taken:0
[M] pc_addr:01000040 mem_addr:fffff800 read_write:0 access_size:0 mem_data_in:00000000
[W] pc_addr:0100003c write_enable:1 write_rd:01 data_rd:fffff800
[F] pc_addr:0100004c content:01d09c63
[D] pc_addr:01000048 opcode:B rd:00 rs1:01 rs2:1d funct3:1 funct7:00 imm:00000018 shamt:1d
[R] addr_rs1:01 addr_rs2:1d data_rs1:80000000 data_rs2:000007ff
[E] pc_addr:01000048 alu_result:80000000 branch_taken:0
[M] pc_addr:01000044 mem_addr:00000005 read_write:0 access_size:0 mem_data_in:00000000
[W] pc_addr:01000040 write_enable:1 write_rd:1d data_rd:fffff800
[F] pc_addr:0100004c content:01d09c63
[D] pc_addr:01000048 opcode:B rd:00 rs1:01 rs2:1d funct3:1 funct7:00 imm:00000018 shamt:1d
[R] addr_rs1:01 addr_rs2:1d data_rs1:fffff800 data_rs2:000007ff
[E] pc_addr:01000048 alu_result:fffff800 branch_taken:0
[M] pc_addr:01000048 mem_addr:80000000 read_write:0 access_size:0 mem_data_in:000007ff
[W] pc_addr:01000044 write_enable:1 write_rd:03 data_rd:00000005
[F] pc_addr:01000050 content:80000037
[D] pc_addr:0100004c opcode:LUI rd:00 rs1:00 rs2:00 funct3:0 funct7:40 imm:80000000 shamt:00
[R] addr_rs1:00 addr_rs2:00 data_rs1:fffff800 data_rs2:fffff800
[E] pc_addr:01000048 alu_result:01000060 branch_taken:0
[M] pc_addr:01000048 mem_addr:fffff800 read_write:0 access_size:0 mem_data_in:000007ff
[W] pc_addr:01000048 write_enable:1 write_rd:00 data_rd:80000000
[F] pc_addr:01000054 content:00000e93
[D] pc_addr:01000050 opcode:I rd:1d rs1:00 rs2:00 funct3:0 funct7:00 imm:00000000 shamt:00
[R] addr_rs1:00 addr_rs2:00 data_rs1:00000000 data_rs2:00000000
[E] pc_addr:0100004c alu_result:80000000 branch_taken:0
[M] pc_addr:01000048 mem_addr:01000060 read_write:0 access_size:1 mem_data_in:fffff800
[W] pc_addr:01000048 write_enable:1 write_rd:00 data_rd:fffff800
[F] pc_addr:01000058 content:00600193
[D] pc_addr:01000054 opcode:I rd:03 rs1:00 rs2:00 funct3:0 funct7:00 imm:00000006 shamt:06
[R] addr_rs1:00 addr_rs2:00 data_rs1:00000000 data_rs2:00000000
[E] pc_addr:01000050 alu_result:00000000 branch_taken:0
[M] pc_addr:0100004c mem_addr:80000000 read_write:0 access_size:0 mem_data_in:00000000
[W] pc_addr:01000048 write_enable:0 write_rd:00 data_rd:01000060
[F] pc_addr:0100005c content:01d01463
[D] pc_addr:01000058 opcode:B rd:00 rs1:00 rs2:1d funct3:1 funct7:00 imm:00000008 shamt:1d
[R] addr_rs1:00 addr_rs2:1d data_rs1:00000000 data_rs2:00000000
[E] pc_addr:01000054 alu_result:00000006 branch_taken:0
[M] pc_addr:01000050 mem_addr:00000000 read_write:0 access_size:0 mem_data_in:00000000
[W] pc_addr:0100004c write_enable:1 write_rd:00 data_rd:80000000
[F] pc_addr:01000060 content:00301c63
[D] pc_addr:0100005c opcode:B rd:00 rs1:00 rs2:03 funct3:1 funct7:00 imm:00000018 shamt:03
[R] addr_rs1:00 addr_rs2:03 data_rs1:00000000 data_rs2:fffff800
[E] pc_addr:01000058 alu_result:01000060 branch_taken:0
[M] pc_addr:01000054 mem_addr:00000006 read_write:0 access_size:0 mem_data_in:00000000
[W] pc_addr:01000050 write_enable:1 write_rd:1d data_rd:00000000
[F] pc_addr:01000064 content:0ff0000f
[D] pc_addr:01000060 opcode:0f rd:00 rs1:00 rs2:00 funct3:0 funct7:07 imm:00000000 shamt:1f
[R] addr_rs1:00 addr_rs2:00 data_rs1:00000000 data_rs2:00000005
[E] pc_addr:0100005c alu_result:01000074 branch_taken:1
[M] pc_addr:01000058 mem_addr:01000060 read_write:0 access_size:1 mem_data_in:00000000
[W] pc_addr:01000054 write_enable:1 write_rd:03 data_rd:00000006
[F] pc_addr:01000074 content:00018063
[D] pc_addr:00000000 opcode:I rd:00 rs1:00 rs2:00 funct3:0 funct7:00 imm:00000000 shamt:00
[R] addr_rs1:00 addr_rs2:00 data_rs1:00000000 data_rs2:00000000
[E] pc_addr:01000060 alu_result:00000000 branch_taken:0
[M] pc_addr:0100005c mem_addr:01000074 read_write:0 access_size:1 mem_data_in:00000006
[W] pc_addr:01000058 write_enable:0 write_rd:00 data_rd:01000060
[F] pc_addr:01000078 content:0ff0000f
[D] pc_addr:01000074 opcode:0f rd:00 rs1:00 rs2:00 funct3:0 funct7:07 imm:00000000 shamt:1f
[R] addr_rs1:00 addr_rs2:00 data_rs1:00000000 data_rs2:00000000
[E] pc_addr:00000000 alu_result:00000000 branch_taken:0
[M] pc_addr:01000060 mem_addr:00000000 read_write:0 access_size:0 mem_data_in:00000000
[W] pc_addr:0100005c write_enable:0 write_rd:00 data_rd:01000074
[F] pc_addr:0100007c content:00100193
[D] pc_addr:01000078 opcode:I rd:03 rs1:00 rs2:00 funct3:0 funct7:00 imm:00000001 shamt:01
[R] addr_rs1:00 addr_rs2:00 data_rs1:00000000 data_rs2:00000000
[E] pc_addr:01000074 alu_result:00000000 branch_taken:0
[M] pc_addr:00000000 mem_addr:00000000 read_write:0 access_size:0 mem_data_in:00000000
[W] pc_addr:01000060 write_enable:1 write_rd:00 data_rd:00000000
[F] pc_addr:01000080 content:00000073
[D] pc_addr:0100007c opcode:ECALL rd:00 rs1:00 rs2:00 funct3:0 funct7:00 imm:00000000 shamt:00
[R] addr_rs1:00 addr_rs2:00 data_rs1:00000000 data_rs2:00000000
[E] pc_addr:01000078 alu_result:00000001 branch_taken:0
[M] pc_addr:01000074 mem_addr:00000000 read_write:0 access_size:0 mem_data_in:00000000
[W] pc_addr:00000000 write_enable:1 write_rd:00 data_rd:00000000
[F] pc_addr:01000084 content:c0001073
[D] pc_addr:01000080 opcode:ECALL rd:00 rs1:00 rs2:00 funct3:1 funct7:60 imm:00000000 shamt:00
[R] addr_rs1:00 addr_rs2:00 data_rs1:00000000 data_rs2:00000000
[E] pc_addr:0100007c alu_result:00000000 branch_taken:0
[M] pc_addr:01000078 mem_addr:00000001 read_write:0 access_size:0 mem_data_in:00000000
[W] pc_addr:01000074 write_enable:1 write_rd:00 data_rd:00000000
[F] pc_addr:01000088 content:00000000
[D] pc_addr:01000084 opcode:00 rd:00 rs1:00 rs2:00 funct3:0 funct7:00 imm:00000000 shamt:00
[R] addr_rs1:00 addr_rs2:00 data_rs1:00000000 data_rs2:00000000
[E] pc_addr:01000080 alu_result:00000000 branch_taken:0
[M] pc_addr:0100007c mem_addr:00000000 read_write:0 access_size:0 mem_data_in:00000000
[W] pc_addr:01000078 write_enable:1 write_rd:03 data_rd:00000001
[F] pc_addr:0100008c content:00000000
[D] pc_addr:01000088 opcode:00 rd:00 rs1:00 rs2:00 funct3:0 funct7:00 imm:00000000 shamt:00
[R] addr_rs1:00 addr_rs2:00 data_rs1:00000000 data_rs2:00000000
[E] pc_addr:01000084 alu_result:00000000 branch_taken:0
[M] pc_addr:01000080 mem_addr:00000000 read_write:0 access_size:1 mem_data_in:00000000
[W] pc_addr:0100007c write_enable:0 write_rd:00 data_rd:00000000
