#-----------------------------------------------------------
# xsim v2022.1 (64-bit)
# SW Build 3526262 on Mon Apr 18 15:47:01 MDT 2022
# IP Build 3524634 on Mon Apr 18 20:55:01 MDT 2022
# Start of session at: Sat Nov 22 11:17:12 2025
# Process ID: 1432632
# Current directory: /home/m7malhot/e3mehta-pd6/build/output
# Command line: xsim -mode tcl -source {xsim.dir/tb/xsim_script.tcl}
# Log file: /home/m7malhot/e3mehta-pd6/build/output/xsim.log
# Journal file: /home/m7malhot/e3mehta-pd6/build/output/xsim.jou
# Running On: eceubuntu1, OS: Linux, CPU Frequency: 2300.030 MHz, CPU Physical cores: 6, Host memory: 67266 MB
#-----------------------------------------------------------
source xsim.dir/tb/xsim_script.tcl
# xsim {tb} -autoloadwcfg -tclbatch {/home/m7malhot/e3mehta-pd6/build/scripts/xsim.tcl}
Time resolution is 1 ps
source /home/m7malhot/e3mehta-pd6/build/scripts/xsim.tcl
## run 2000ns
Simulation started.
Final transfer at 01000590
[W] 00000000 0 00 00000000
[W] 00000000 0 00 00000000
[W] 00000000 0 00 00000000
[W] 01000000 1 01 00000000
[W] 01000004 1 01 00000000
[W] 01000008 1 02 00000000
[W] 0100000c 1 1e 00000000
[W] 01000010 1 1d 00000000
[W] 01000014 1 03 00000002
[W] 01000018 0 00 00000000
[W] 01000018 0 00 00000000
[W] 01000018 0 0c 010004e4
[W] 0100001c 1 01 00000001
[W] 01000020 1 02 00000001
[W] 01000024 1 1e 00000002
[W] 01000028 1 1d 00000002
[W] 0100002c 1 03 00000003
[W] 01000030 0 00 00000000
[W] 01000030 0 00 00000000
[W] 01000030 0 14 010004e4
[W] 01000034 1 01 00000003
[W] 01000038 1 02 00000007
[W] 0100003c 1 1e 0000000a
[W] 01000040 1 1d 0000000a
[W] 01000044 1 03 00000004
[W] 01000048 0 00 00000000
[W] 01000048 0 00 00000000
[W] 01000048 0 1c 010004e4
[W] 0100004c 1 01 00000000
[W] 01000050 1 02 ffff8000
[W] 01000054 1 1e ffff8000
[W] 01000058 1 1d ffff8000
[W] 0100005c 1 03 00000005
[W] 01000060 0 00 00000000
[W] 01000060 0 00 00000000
[W] 01000060 0 04 010004e4
[W] 01000064 1 01 80000000
[W] 01000068 1 02 00000000
[W] 0100006c 1 1e 80000000
[W] 01000070 1 1d 80000000
[W] 01000074 1 03 00000006
[W] 01000078 0 00 00000000
[W] 01000078 0 00 00000000
[W] 01000078 0 0c 010004e4
[W] 0100007c 1 01 80000000
[W] 01000080 1 02 ffff8000
[W] 01000084 1 1e 7fff8000
[W] 01000088 1 1d 7fff8000
[W] 0100008c 1 03 00000007
[W] 01000090 0 00 00000000
[W] 01000090 0 00 00000000
[W] 01000090 0 14 010004e4
[W] 01000094 1 01 00000000
[W] 01000098 1 02 00008000
[W] 0100009c 1 02 00007fff
[W] 010000a0 0 00 00000000
[W] 010000a0 1 1e 00007fff
[W] 010000a4 1 1d 00008000
[W] 010000a8 1 1d 00007fff
[W] 010000ac 1 03 00000008
[W] 010000b0 0 14 010004e4
[W] 010000b4 0 00 00000000
[W] 010000b8 0 00 00000000
[W] 010004e4 1 02 00000000
[W] 010004e8 0 00 010004e8
[W] 010004ec 0 00 00000000
[W] 010004f0 0 00 00000000
[W] 010004e8 0 00 00000000
[W] 010004ec 1 03 00000000
[W] 010004f0 1 03 00000001
[W] 010004f4 0 00 00000000
[W] 010004f8 0 00 00000000
[W] 010004fc 1 03 00000001
[W] 01000500 0 00 00000000
[W] 01000504 0 00 00000000
[W] 01000508 0 00 00000000
[W] 0100050c 0 00 00000000
[W] 01000510 0 00 00000000
[W] 01000514 0 00 00000000
[W] 01000518 0 00 00000000
[W] 0100051c 0 00 00000000
[W] 01000520 0 00 00000000
[W] 01000524 0 00 00000000
[W] 01000528 0 00 00000000
[W] 0100052c 0 00 00000000
[W] 01000530 0 00 00000000
[W] 01000534 0 00 00000000
[W] 01000538 0 00 00000000
[W] 0100053c 0 00 00000000
[W] 01000540 0 00 00000000
[W] 01000544 0 00 00000000
[W] 01000548 0 00 00000000
[W] 0100054c 0 00 00000000
[W] 01000550 0 00 00000000
[W] 01000554 0 00 00000000
[W] 01000558 0 00 00000000
[W] 0100055c 0 00 00000000
[W] 01000560 0 00 00000000
[W] 01000564 0 00 00000000
[W] 01000568 0 00 00000000
[W] 0100056c 0 00 00000000
[W] 01000570 0 00 00000000
[W] 01000574 0 00 00000000
[W] 01000578 0 00 00000000
[W] 0100057c 0 00 00000000
[W] 01000580 0 00 00000000
[W] 01000584 0 00 00000000
[W] 01000588 0 00 00000000
[W] 0100058c 0 00 00000000
[W] 01000590 0 00 00000000
[W] 01000594 0 00 00000000
[W] 01000598 0 00 00000000
[W] 0100059c 0 00 00000000
[W] 010005a0 0 00 00000000
[W] 010005a4 0 00 00000000
[W] 010005a8 0 00 00000000
[W] 010005ac 0 00 00000000
[W] 010005b0 0 00 00000000
[W] 010005b4 0 00 00000000
[W] 010005b8 0 00 00000000
[W] 010005bc 0 00 00000000
[W] 010005c0 0 00 00000000
[W] 010005c4 0 00 00000000
[W] 010005c8 0 00 00000000
[W] 010005cc 0 00 00000000
[W] 010005d0 0 00 00000000
[W] 010005d4 0 00 00000000
[W] 010005d8 0 00 00000000
[W] 010005dc 0 00 00000000
[W] 010005e0 0 00 00000000
[W] 010005e4 0 00 00000000
[W] 010005e8 0 00 00000000
[W] 010005ec 0 00 00000000
[W] 010005f0 0 00 00000000
[W] 010005f4 0 00 00000000
[W] 010005f8 0 00 00000000
[W] 010005fc 0 00 00000000
[W] 01000600 0 00 00000000
[W] 01000604 0 00 00000000
[W] 01000608 0 00 00000000
[W] 0100060c 0 00 00000000
[W] 01000610 0 00 00000000
[W] 01000614 0 00 00000000
[W] 01000618 0 00 00000000
[W] 0100061c 0 00 00000000
[W] 01000620 0 00 00000000
[W] 01000624 0 00 00000000
[W] 01000628 0 00 00000000
[W] 0100062c 0 00 00000000
[W] 01000630 0 00 00000000
[W] 01000634 0 00 00000000
[W] 01000638 0 00 00000000
[W] 0100063c 0 00 00000000
[W] 01000640 0 00 00000000
[W] 01000644 0 00 00000000
[W] 01000648 0 00 00000000
[W] 0100064c 0 00 00000000
[W] 01000650 0 00 00000000
[W] 01000654 0 00 00000000
[W] 01000658 0 00 00000000
[W] 0100065c 0 00 00000000
[W] 01000660 0 00 00000000
[W] 01000664 0 00 00000000
[W] 01000668 0 00 00000000
[W] 0100066c 0 00 00000000
[W] 01000670 0 00 00000000
[W] 01000674 0 00 00000000
[W] 01000678 0 00 00000000
[W] 0100067c 0 00 00000000
[W] 01000680 0 00 00000000
[W] 01000684 0 00 00000000
[W] 01000688 0 00 00000000
[W] 0100068c 0 00 00000000
[W] 01000690 0 00 00000000
[W] 01000694 0 00 00000000
[W] 01000698 0 00 00000000
[W] 0100069c 0 00 00000000
[W] 010006a0 0 00 00000000
[W] 010006a4 0 00 00000000
[W] 010006a8 0 00 00000000
[W] 010006ac 0 00 00000000
[W] 010006b0 0 00 00000000
[W] 010006b4 0 00 00000000
[W] 010006b8 0 00 00000000
[W] 010006bc 0 00 00000000
[W] 010006c0 0 00 00000000
[W] 010006c4 0 00 00000000
[W] 010006c8 0 00 00000000
[W] 010006cc 0 00 00000000
[W] 010006d0 0 00 00000000
[W] 010006d4 0 00 00000000
[W] 010006d8 0 00 00000000
[W] 010006dc 0 00 00000000
[W] 010006e0 0 00 00000000
[W] 010006e4 0 00 00000000
[W] 010006e8 0 00 00000000
[W] 010006ec 0 00 00000000
[W] 010006f0 0 00 00000000
[W] 010006f4 0 00 00000000
[W] 010006f8 0 00 00000000
[W] 010006fc 0 00 00000000
[W] 01000700 0 00 00000000
[W] 01000704 0 00 00000000
[W] 01000708 0 00 00000000
[W] 0100070c 0 00 00000000
[W] 01000710 0 00 00000000
[W] 01000714 0 00 00000000
[W] 01000718 0 00 00000000
[W] 0100071c 0 00 00000000
[W] 01000720 0 00 00000000
[W] 01000724 0 00 00000000
[W] 01000728 0 00 00000000
[W] 0100072c 0 00 00000000
[W] 01000730 0 00 00000000
[W] 01000734 0 00 00000000
[W] 01000738 0 00 00000000
[W] 0100073c 0 00 00000000
[W] 01000740 0 00 00000000
[W] 01000744 0 00 00000000
[W] 01000748 0 00 00000000
[W] 0100074c 0 00 00000000
[W] 01000750 0 00 00000000
[W] 01000754 0 00 00000000
[W] 01000758 0 00 00000000
[W] 0100075c 0 00 00000000
[W] 01000760 0 00 00000000
[W] 01000764 0 00 00000000
[W] 01000768 0 00 00000000
[W] 0100076c 0 00 00000000
[W] 01000770 0 00 00000000
[W] 01000774 0 00 00000000
[W] 01000778 0 00 00000000
[W] 0100077c 0 00 00000000
[W] 01000780 0 00 00000000
[W] 01000784 0 00 00000000
[W] 01000788 0 00 00000000
[W] 0100078c 0 00 00000000
[W] 01000790 0 00 00000000
[W] 01000794 0 00 00000000
[W] 01000798 0 00 00000000
[W] 0100079c 0 00 00000000
[W] 010007a0 0 00 00000000
[W] 010007a4 0 00 00000000
[W] 010007a8 0 00 00000000
[W] 010007ac 0 00 00000000
[W] 010007b0 0 00 00000000
[W] 010007b4 0 00 00000000
[W] 010007b8 0 00 00000000
[W] 010007bc 0 00 00000000
[W] 010007c0 0 00 00000000
[W] 010007c4 0 00 00000000
[W] 010007c8 0 00 00000000
[W] 010007cc 0 00 00000000
[W] 010007d0 0 00 00000000
[W] 010007d4 0 00 00000000
[W] 010007d8 0 00 00000000
[W] 010007dc 0 00 00000000
[W] 010007e0 0 00 00000000
[W] 010007e4 0 00 00000000
[W] 010007e8 0 00 00000000
[W] 010007ec 0 00 00000000
[W] 010007f0 0 00 00000000
[W] 010007f4 0 00 00000000
[W] 010007f8 0 00 00000000
[W] 010007fc 0 00 00000000
[W] 01000800 0 00 00000000
[W] 01000804 0 00 00000000
[W] 01000808 0 00 00000000
[W] 0100080c 0 00 00000000
[W] 01000810 0 00 00000000
[W] 01000814 0 00 00000000
[W] 01000818 0 00 00000000
[W] 0100081c 0 00 00000000
[W] 01000820 0 00 00000000
[W] 01000824 0 00 00000000
[W] 01000828 0 00 00000000
[W] 0100082c 0 00 00000000
[W] 01000830 0 00 00000000
[W] 01000834 0 00 00000000
[W] 01000838 0 00 00000000
[W] 0100083c 0 00 00000000
[W] 01000840 0 00 00000000
[W] 01000844 0 00 00000000
[W] 01000848 0 00 00000000
[W] 0100084c 0 00 00000000
[W] 01000850 0 00 00000000
[W] 01000854 0 00 00000000
[W] 01000858 0 00 00000000
[W] 0100085c 0 00 00000000
[W] 01000860 0 00 00000000
[W] 01000864 0 00 00000000
[W] 01000868 0 00 00000000
[W] 0100086c 0 00 00000000
[W] 01000870 0 00 00000000
[W] 01000874 0 00 00000000
[W] 01000878 0 00 00000000
[W] 0100087c 0 00 00000000
[W] 01000880 0 00 00000000
[W] 01000884 0 00 00000000
[W] 01000888 0 00 00000000
[W] 0100088c 0 00 00000000
[W] 01000890 0 00 00000000
[W] 01000894 0 00 00000000
[W] 01000898 0 00 00000000
[W] 0100089c 0 00 00000000
[W] 010008a0 0 00 00000000
[W] 010008a4 0 00 00000000
[W] 010008a8 0 00 00000000
[W] 010008ac 0 00 00000000
[W] 010008b0 0 00 00000000
[W] 010008b4 0 00 00000000
[W] 010008b8 0 00 00000000
[W] 010008bc 0 00 00000000
[W] 010008c0 0 00 00000000
[W] 010008c4 0 00 00000000
[W] 010008c8 0 00 00000000
[W] 010008cc 0 00 00000000
[W] 010008d0 0 00 00000000
[W] 010008d4 0 00 00000000
[W] 010008d8 0 00 00000000
[W] 010008dc 0 00 00000000
[W] 010008e0 0 00 00000000
[W] 010008e4 0 00 00000000
[W] 010008e8 0 00 00000000
[W] 010008ec 0 00 00000000
[W] 010008f0 0 00 00000000
[W] 010008f4 0 00 00000000
[W] 010008f8 0 00 00000000
[W] 010008fc 0 00 00000000
[W] 01000900 0 00 00000000
[W] 01000904 0 00 00000000
[W] 01000908 0 00 00000000
[W] 0100090c 0 00 00000000
[W] 01000910 0 00 00000000
[W] 01000914 0 00 00000000
[W] 01000918 0 00 00000000
[W] 0100091c 0 00 00000000
[W] 01000920 0 00 00000000
[W] 01000924 0 00 00000000
[W] 01000928 0 00 00000000
[W] 0100092c 0 00 00000000
[W] 01000930 0 00 00000000
[W] 01000934 0 00 00000000
[W] 01000938 0 00 00000000
[W] 0100093c 0 00 00000000
[W] 01000940 0 00 00000000
[W] 01000944 0 00 00000000
[W] 01000948 0 00 00000000
[W] 0100094c 0 00 00000000
[W] 01000950 0 00 00000000
[W] 01000954 0 00 00000000
[W] 01000958 0 00 00000000
[W] 0100095c 0 00 00000000
[W] 01000960 0 00 00000000
[W] 01000964 0 00 00000000
[W] 01000968 0 00 00000000
[W] 0100096c 0 00 00000000
[W] 01000970 0 00 00000000
[W] 01000974 0 00 00000000
[W] 01000978 0 00 00000000
[W] 0100097c 0 00 00000000
[W] 01000980 0 00 00000000
[W] 01000984 0 00 00000000
[W] 01000988 0 00 00000000
[W] 0100098c 0 00 00000000
[W] 01000990 0 00 00000000
[W] 01000994 0 00 00000000
[W] 01000998 0 00 00000000
[W] 0100099c 0 00 00000000
[W] 010009a0 0 00 00000000
[W] 010009a4 0 00 00000000
[W] 010009a8 0 00 00000000
[W] 010009ac 0 00 00000000
[W] 010009b0 0 00 00000000
[W] 010009b4 0 00 00000000
[W] 010009b8 0 00 00000000
[W] 010009bc 0 00 00000000
[W] 010009c0 0 00 00000000
[W] 010009c4 0 00 00000000
[W] 010009c8 0 00 00000000
[W] 010009cc 0 00 00000000
[W] 010009d0 0 00 00000000
[W] 010009d4 0 00 00000000
[W] 010009d8 0 00 00000000
[W] 010009dc 0 00 00000000
[W] 010009e0 0 00 00000000
[W] 010009e4 0 00 00000000
[W] 010009e8 0 00 00000000
[W] 010009ec 0 00 00000000
[W] 010009f0 0 00 00000000
[W] 010009f4 0 00 00000000
[W] 010009f8 0 00 00000000
[W] 010009fc 0 00 00000000
[W] 01000a00 0 00 00000000
[W] 01000a04 0 00 00000000
[W] 01000a08 0 00 00000000
[W] 01000a0c 0 00 00000000
[W] 01000a10 0 00 00000000
[W] 01000a14 0 00 00000000
[W] 01000a18 0 00 00000000
[W] 01000a1c 0 00 00000000
[W] 01000a20 0 00 00000000
[W] 01000a24 0 00 00000000
[W] 01000a28 0 00 00000000
[W] 01000a2c 0 00 00000000
[W] 01000a30 0 00 00000000
[W] 01000a34 0 00 00000000
[W] 01000a38 0 00 00000000
[W] 01000a3c 0 00 00000000
[W] 01000a40 0 00 00000000
[W] 01000a44 0 00 00000000
[W] 01000a48 0 00 00000000
[W] 01000a4c 0 00 00000000
[W] 01000a50 0 00 00000000
[W] 01000a54 0 00 00000000
[W] 01000a58 0 00 00000000
[W] 01000a5c 0 00 00000000
[W] 01000a60 0 00 00000000
[W] 01000a64 0 00 00000000
[W] 01000a68 0 00 00000000
[W] 01000a6c 0 00 00000000
[W] 01000a70 0 00 00000000
[W] 01000a74 0 00 00000000
[W] 01000a78 0 00 00000000
[W] 01000a7c 0 00 00000000
[W] 01000a80 0 00 00000000
[W] 01000a84 0 00 00000000
[W] 01000a88 0 00 00000000
[W] 01000a8c 0 00 00000000
[W] 01000a90 0 00 00000000
[W] 01000a94 0 00 00000000
[W] 01000a98 0 00 00000000
[W] 01000a9c 0 00 00000000
[W] 01000aa0 0 00 00000000
[W] 01000aa4 0 00 00000000
[W] 01000aa8 0 00 00000000
[W] 01000aac 0 00 00000000
[W] 01000ab0 0 00 00000000
[W] 01000ab4 0 00 00000000
[W] 01000ab8 0 00 00000000
[W] 01000abc 0 00 00000000
[W] 01000ac0 0 00 00000000
[W] 01000ac4 0 00 00000000
[W] 01000ac8 0 00 00000000
[W] 01000acc 0 00 00000000
[W] 01000ad0 0 00 00000000
[W] 01000ad4 0 00 00000000
[W] 01000ad8 0 00 00000000
[W] 01000adc 0 00 00000000
[W] 01000ae0 0 00 00000000
[W] 01000ae4 0 00 00000000
[W] 01000ae8 0 00 00000000
[W] 01000aec 0 00 00000000
[W] 01000af0 0 00 00000000
[W] 01000af4 0 00 00000000
[W] 01000af8 0 00 00000000
[W] 01000afc 0 00 00000000
[W] 01000b00 0 00 00000000
[W] 01000b04 0 00 00000000
[W] 01000b08 0 00 00000000
[W] 01000b0c 0 00 00000000
[W] 01000b10 0 00 00000000
[W] 01000b14 0 00 00000000
[W] 01000b18 0 00 00000000
[W] 01000b1c 0 00 00000000
[W] 01000b20 0 00 00000000
[W] 01000b24 0 00 00000000
[W] 01000b28 0 00 00000000
[W] 01000b2c 0 00 00000000
[W] 01000b30 0 00 00000000
[W] 01000b34 0 00 00000000
[W] 01000b38 0 00 00000000
[W] 01000b3c 0 00 00000000
[W] 01000b40 0 00 00000000
[W] 01000b44 0 00 00000000
[W] 01000b48 0 00 00000000
[W] 01000b4c 0 00 00000000
[W] 01000b50 0 00 00000000
[W] 01000b54 0 00 00000000
[W] 01000b58 0 00 00000000
[W] 01000b5c 0 00 00000000
[W] 01000b60 0 00 00000000
[W] 01000b64 0 00 00000000
[W] 01000b68 0 00 00000000
[W] 01000b6c 0 00 00000000
[W] 01000b70 0 00 00000000
[W] 01000b74 0 00 00000000
[W] 01000b78 0 00 00000000
[W] 01000b7c 0 00 00000000
[W] 01000b80 0 00 00000000
[W] 01000b84 0 00 00000000
[W] 01000b88 0 00 00000000
[W] 01000b8c 0 00 00000000
[W] 01000b90 0 00 00000000
[W] 01000b94 0 00 00000000
[W] 01000b98 0 00 00000000
[W] 01000b9c 0 00 00000000
[W] 01000ba0 0 00 00000000
[W] 01000ba4 0 00 00000000
[W] 01000ba8 0 00 00000000
[W] 01000bac 0 00 00000000
[W] 01000bb0 0 00 00000000
[W] 01000bb4 0 00 00000000
[W] 01000bb8 0 00 00000000
[W] 01000bbc 0 00 00000000
[W] 01000bc0 0 00 00000000
[W] 01000bc4 0 00 00000000
[W] 01000bc8 0 00 00000000
[W] 01000bcc 0 00 00000000
[W] 01000bd0 0 00 00000000
[W] 01000bd4 0 00 00000000
[W] 01000bd8 0 00 00000000
[W] 01000bdc 0 00 00000000
[W] 01000be0 0 00 00000000
[W] 01000be4 0 00 00000000
[W] 01000be8 0 00 00000000
[W] 01000bec 0 00 00000000
[W] 01000bf0 0 00 00000000
[W] 01000bf4 0 00 00000000
[W] 01000bf8 0 00 00000000
[W] 01000bfc 0 00 00000000
[W] 01000c00 0 00 00000000
[W] 01000c04 0 00 00000000
[W] 01000c08 0 00 00000000
[W] 01000c0c 0 00 00000000
[W] 01000c10 0 00 00000000
[W] 01000c14 0 00 00000000
[W] 01000c18 0 00 00000000
[W] 01000c1c 0 00 00000000
[W] 01000c20 0 00 00000000
[W] 01000c24 0 00 00000000
[W] 01000c28 0 00 00000000
[W] 01000c2c 0 00 00000000
[W] 01000c30 0 00 00000000
[W] 01000c34 0 00 00000000
[W] 01000c38 0 00 00000000
[W] 01000c3c 0 00 00000000
[W] 01000c40 0 00 00000000
[W] 01000c44 0 00 00000000
[W] 01000c48 0 00 00000000
[W] 01000c4c 0 00 00000000
## exit
INFO: [Common 17-206] Exiting xsim at Sat Nov 22 11:17:19 2025...
